============================= test session starts ==============================
platform linux -- Python 3.10.12, pytest-8.3.4, pluggy-1.6.0
rootdir: /home/iclaldogan/bantzv2
configfile: pyproject.toml
testpaths: tests
plugins: asyncio-1.3.0, cov-7.0.0, anyio-4.12.1
asyncio: mode=auto, debug=False, asyncio_default_fixture_loop_scope=None, asyncio_default_test_loop_scope=function
collected 2366 items

tests/agent/test_ambient.py ...........................................  [  1%]
tests/agent/test_ambient_integration.py .......................          [  2%]
tests/agent/test_app_detector.py ....................................... [  4%]
........................................................................ [  7%]
.................                                                        [  8%]
tests/agent/test_audio_ducker.py ....................................... [  9%]
..........                                                               [ 10%]
tests/agent/test_health.py ............................................. [ 12%]
.............                                                            [ 12%]
tests/agent/test_interventions.py ...................................... [ 14%]
.........................                                                [ 15%]
tests/agent/test_job_scheduler.py ................FF.FFFFFFFF.FFFF..FF.F [ 16%]
.F.FFF................                                                   [ 17%]
tests/agent/test_notifier.py ........................................... [ 19%]
.......                                                                  [ 20%]
tests/agent/test_observer.py ........................................... [ 21%]
............                                                             [ 22%]
tests/agent/test_planner.py ............................................ [ 24%]
.............................F..                                         [ 25%]
tests/agent/test_proactive.py ........................................   [ 27%]
tests/agent/test_rl_engine.py .......................................... [ 29%]
.............                                                            [ 29%]
tests/agent/test_tts.py ................................................ [ 31%]
..........F...                                                           [ 32%]
tests/agent/test_wake_word.py .....................................FFF.. [ 33%]
....                                                                     [ 34%]
tests/core/test_brain_integrations.py .................................. [ 35%]
..............................F......................                    [ 37%]
tests/core/test_config_cli.py .......................................... [ 39%]
.                                                                        [ 39%]
tests/core/test_core_stabilization.py ..............ssssssssssssssssssss [ 41%]
ssss............                                                         [ 41%]
tests/core/test_regex_audit.py ......................................... [ 43%]
............                                                             [ 43%]
tests/core/test_rlhf_feedback.py ....................................... [ 45%]
......................................................                   [ 47%]
tests/core/test_router.py .............................................. [ 49%]
..................                                                       [ 50%]
tests/core/test_systemd.py .............................                 [ 51%]
tests/data/test_json_migration.py ...................................... [ 53%]
...........                                                              [ 53%]
tests/data/test_store.py ............................................... [ 55%]
...............                                                          [ 56%]
tests/interface/test_telegram_llm.py FFFFFEEEEFFFFFFFFFFF.......FFFFFFFF [ 58%]
FFFFFFFFFFFFFFFFFFFFFFFFFFFFFFFFFFFFFFFFF                                [ 59%]
tests/memory/test_deep_probe.py .................................        [ 61%]
tests/memory/test_distiller.py .......................................   [ 62%]
tests/memory/test_vector_memory.py ..................................... [ 64%]
                                                                         [ 64%]
tests/personality/test_bonding.py ...................................... [ 65%]
.....                                                                    [ 66%]
tests/personality/test_persona.py ...................................... [ 67%]
......................                                                   [ 68%]
tests/tools/test_filesystem_autochain.py ...............ssssss....       [ 69%]
tests/tools/test_gmail_autochain.py ...............                      [ 70%]
tests/tools/test_web_reader.py ...................                       [ 71%]
tests/tools/test_web_search.py .........                                 [ 71%]
tests/tui/test_header.py FFFFFFFFFFFFFFFFFFFFFFFFFF...FFFF....FFF        [ 73%]
tests/tui/test_input_control.py ........................................ [ 74%]
...................                                                      [ 75%]
tests/tui/test_mood.py ................................................. [ 77%]
F....                                                                    [ 78%]
tests/tui/test_streaming.py FFFFFFFFFFFFFFFFFFFFFFFFF                    [ 79%]
tests/tui/test_telemetry.py ..................................FFFFFF.... [ 80%]
....FFFFFFF                                                              [ 81%]
tests/tui/test_toast.py FFFFFFFFFFFFFFFFFFFFFFFFFFFFFFFFFFFFFFFFFFFFFFFF [ 83%]
FFFFFFFFFFFF........................FFFFFFFF                             [ 85%]
tests/vision/test_accessibility.py ..................................... [ 86%]
....                                                                     [ 87%]
tests/vision/test_navigator.py ......................................... [ 88%]
.....                                                                    [ 89%]
tests/vision/test_spatial_cache.py ..................................... [ 90%]
..............                                                           [ 91%]
tests/vision/test_vision.py ............................................ [ 93%]
.....                                                                    [ 93%]
tests/workflows/test_maintenance.py .................................... [ 94%]
.................                                                        [ 95%]
tests/workflows/test_overnight_poll.py ................................. [ 96%]
.....................                                                    [ 97%]
tests/workflows/test_reflection.py ..................................... [ 99%]
................                                                         [100%]

==================================== ERRORS ====================================
_______ ERROR at setup of TestRateLimiter.test_under_limit_returns_false _______

self = <tests.interface.test_telegram_llm.TestRateLimiter object at 0x7e3352da1450>

    def setup_method(self):
>       import bantz.interface.telegram_bot as mod

tests/interface/test_telegram_llm.py:119: 
_ _ _ _ _ _ _ _ _ _ _ _ _ _ _ _ _ _ _ _ _ _ _ _ _ _ _ _ _ _ _ _ _ _ _ _ _ _ _ _ 

    """
    Bantz v3 — Telegram Bot
    
    Dual-path remote telegraph for phone access:
      1. Express Wire (/commands) — fast, LLM-free direct tool calls
      2. Cognitive Wire (free text) — full brain.process() with LLM (#178)
    
    Commands:
        /briefing   → full morning summary
        /hava       → weather report
        /mail       → unread emails
        /takvim     → today's calendar events
        /odev       → upcoming assignments
        /ders       → today's schedule
        /siradaki   → next class
        /haber      → latest news
    
    Usage:
        python -m bantz.interface.telegram_bot
    
    Env:
        TELEGRAM_BOT_TOKEN=...
        TELEGRAM_ALLOWED_USERS=123456,789012   # optional whitelist
        TELEGRAM_LLM_MODE=true                 # enable free-text → LLM
    """
    from __future__ import annotations
    
    import asyncio
    import logging
    import os
    import random
    import time
    from collections import defaultdict
    from typing import Callable, Coroutine, Any
    
>   from telegram import Update
E   ModuleNotFoundError: No module named 'telegram'

src/bantz/interface/telegram_bot.py:36: ModuleNotFoundError
_________ ERROR at setup of TestRateLimiter.test_at_limit_returns_true _________

self = <tests.interface.test_telegram_llm.TestRateLimiter object at 0x7e3352da1030>

    def setup_method(self):
>       import bantz.interface.telegram_bot as mod

tests/interface/test_telegram_llm.py:119: 
_ _ _ _ _ _ _ _ _ _ _ _ _ _ _ _ _ _ _ _ _ _ _ _ _ _ _ _ _ _ _ _ _ _ _ _ _ _ _ _ 

    """
    Bantz v3 — Telegram Bot
    
    Dual-path remote telegraph for phone access:
      1. Express Wire (/commands) — fast, LLM-free direct tool calls
      2. Cognitive Wire (free text) — full brain.process() with LLM (#178)
    
    Commands:
        /briefing   → full morning summary
        /hava       → weather report
        /mail       → unread emails
        /takvim     → today's calendar events
        /odev       → upcoming assignments
        /ders       → today's schedule
        /siradaki   → next class
        /haber      → latest news
    
    Usage:
        python -m bantz.interface.telegram_bot
    
    Env:
        TELEGRAM_BOT_TOKEN=...
        TELEGRAM_ALLOWED_USERS=123456,789012   # optional whitelist
        TELEGRAM_LLM_MODE=true                 # enable free-text → LLM
    """
    from __future__ import annotations
    
    import asyncio
    import logging
    import os
    import random
    import time
    from collections import defaultdict
    from typing import Callable, Coroutine, Any
    
>   from telegram import Update
E   ModuleNotFoundError: No module named 'telegram'

src/bantz/interface/telegram_bot.py:36: ModuleNotFoundError
______ ERROR at setup of TestRateLimiter.test_different_users_independent ______

self = <tests.interface.test_telegram_llm.TestRateLimiter object at 0x7e3352da0c40>

    def setup_method(self):
>       import bantz.interface.telegram_bot as mod

tests/interface/test_telegram_llm.py:119: 
_ _ _ _ _ _ _ _ _ _ _ _ _ _ _ _ _ _ _ _ _ _ _ _ _ _ _ _ _ _ _ _ _ _ _ _ _ _ _ _ 

    """
    Bantz v3 — Telegram Bot
    
    Dual-path remote telegraph for phone access:
      1. Express Wire (/commands) — fast, LLM-free direct tool calls
      2. Cognitive Wire (free text) — full brain.process() with LLM (#178)
    
    Commands:
        /briefing   → full morning summary
        /hava       → weather report
        /mail       → unread emails
        /takvim     → today's calendar events
        /odev       → upcoming assignments
        /ders       → today's schedule
        /siradaki   → next class
        /haber      → latest news
    
    Usage:
        python -m bantz.interface.telegram_bot
    
    Env:
        TELEGRAM_BOT_TOKEN=...
        TELEGRAM_ALLOWED_USERS=123456,789012   # optional whitelist
        TELEGRAM_LLM_MODE=true                 # enable free-text → LLM
    """
    from __future__ import annotations
    
    import asyncio
    import logging
    import os
    import random
    import time
    from collections import defaultdict
    from typing import Callable, Coroutine, Any
    
>   from telegram import Update
E   ModuleNotFoundError: No module named 'telegram'

src/bantz/interface/telegram_bot.py:36: ModuleNotFoundError
_____________ ERROR at setup of TestRateLimiter.test_window_expiry _____________

self = <tests.interface.test_telegram_llm.TestRateLimiter object at 0x7e3352da1960>

    def setup_method(self):
>       import bantz.interface.telegram_bot as mod

tests/interface/test_telegram_llm.py:119: 
_ _ _ _ _ _ _ _ _ _ _ _ _ _ _ _ _ _ _ _ _ _ _ _ _ _ _ _ _ _ _ _ _ _ _ _ _ _ _ _ 

    """
    Bantz v3 — Telegram Bot
    
    Dual-path remote telegraph for phone access:
      1. Express Wire (/commands) — fast, LLM-free direct tool calls
      2. Cognitive Wire (free text) — full brain.process() with LLM (#178)
    
    Commands:
        /briefing   → full morning summary
        /hava       → weather report
        /mail       → unread emails
        /takvim     → today's calendar events
        /odev       → upcoming assignments
        /ders       → today's schedule
        /siradaki   → next class
        /haber      → latest news
    
    Usage:
        python -m bantz.interface.telegram_bot
    
    Env:
        TELEGRAM_BOT_TOKEN=...
        TELEGRAM_ALLOWED_USERS=123456,789012   # optional whitelist
        TELEGRAM_LLM_MODE=true                 # enable free-text → LLM
    """
    from __future__ import annotations
    
    import asyncio
    import logging
    import os
    import random
    import time
    from collections import defaultdict
    from typing import Callable, Coroutine, Any
    
>   from telegram import Update
E   ModuleNotFoundError: No module named 'telegram'

src/bantz/interface/telegram_bot.py:36: ModuleNotFoundError
=================================== FAILURES ===================================
______________ TestJobSchedulerLifecycle.test_start_and_shutdown _______________

self = <tests.agent.test_job_scheduler.TestJobSchedulerLifecycle object at 0x7e33548d4580>
tmp_db = PosixPath('/tmp/pytest-of-iclaldogan/pytest-144/test_start_and_shutdown0/test_bantz.db')

    @pytest.mark.asyncio
    async def test_start_and_shutdown(self, tmp_db):
        from bantz.agent.job_scheduler import JobScheduler
        js = JobScheduler()
        assert not js.started
    
>       await js.start(tmp_db)

tests/agent/test_job_scheduler.py:193: 
_ _ _ _ _ _ _ _ _ _ _ _ _ _ _ _ _ _ _ _ _ _ _ _ _ _ _ _ _ _ _ _ _ _ _ _ _ _ _ _ 

self = <bantz.agent.job_scheduler.JobScheduler object at 0x7e3351661a80>
db_path = PosixPath('/tmp/pytest-of-iclaldogan/pytest-144/test_start_and_shutdown0/test_bantz.db')

    async def start(self, db_path: Path, *, enable_night_jobs: bool = True) -> None:
        """Initialize and start the APScheduler.
    
        Uses two job stores:
        - "default" (MemoryJobStore) for built-in cron jobs — re-registered
          every startup, no need for persistence.
        - "persistent" (SQLAlchemyJobStore) for user reminders — survives
          restarts so one-shot reminders aren't lost.
        """
        if self._started:
            log.warning("JobScheduler already started")
            return
    
>       from apscheduler.schedulers.asyncio import AsyncIOScheduler
E       ModuleNotFoundError: No module named 'apscheduler'

src/bantz/agent/job_scheduler.py:441: ModuleNotFoundError
_________________ TestJobSchedulerLifecycle.test_double_start __________________

self = <tests.agent.test_job_scheduler.TestJobSchedulerLifecycle object at 0x7e33548d4820>
tmp_db = PosixPath('/tmp/pytest-of-iclaldogan/pytest-144/test_double_start0/test_bantz.db')

    @pytest.mark.asyncio
    async def test_double_start(self, tmp_db):
        from bantz.agent.job_scheduler import JobScheduler
        js = JobScheduler()
>       await js.start(tmp_db)

tests/agent/test_job_scheduler.py:204: 
_ _ _ _ _ _ _ _ _ _ _ _ _ _ _ _ _ _ _ _ _ _ _ _ _ _ _ _ _ _ _ _ _ _ _ _ _ _ _ _ 

self = <bantz.agent.job_scheduler.JobScheduler object at 0x7e33514df1f0>
db_path = PosixPath('/tmp/pytest-of-iclaldogan/pytest-144/test_double_start0/test_bantz.db')

    async def start(self, db_path: Path, *, enable_night_jobs: bool = True) -> None:
        """Initialize and start the APScheduler.
    
        Uses two job stores:
        - "default" (MemoryJobStore) for built-in cron jobs — re-registered
          every startup, no need for persistence.
        - "persistent" (SQLAlchemyJobStore) for user reminders — survives
          restarts so one-shot reminders aren't lost.
        """
        if self._started:
            log.warning("JobScheduler already started")
            return
    
>       from apscheduler.schedulers.asyncio import AsyncIOScheduler
E       ModuleNotFoundError: No module named 'apscheduler'

src/bantz/agent/job_scheduler.py:441: ModuleNotFoundError
___________ TestJobSchedulerLifecycle.test_start_without_night_jobs ____________

self = <tests.agent.test_job_scheduler.TestJobSchedulerLifecycle object at 0x7e33548d4d60>
tmp_db = PosixPath('/tmp/pytest-of-iclaldogan/pytest-144/test_start_without_night_jobs0/test_bantz.db')

    @pytest.mark.asyncio
    async def test_start_without_night_jobs(self, tmp_db):
        from bantz.agent.job_scheduler import JobScheduler
        js = JobScheduler()
>       await js.start(tmp_db, enable_night_jobs=False)

tests/agent/test_job_scheduler.py:220: 
_ _ _ _ _ _ _ _ _ _ _ _ _ _ _ _ _ _ _ _ _ _ _ _ _ _ _ _ _ _ _ _ _ _ _ _ _ _ _ _ 

self = <bantz.agent.job_scheduler.JobScheduler object at 0x7e33514e7280>
db_path = PosixPath('/tmp/pytest-of-iclaldogan/pytest-144/test_start_without_night_jobs0/test_bantz.db')

    async def start(self, db_path: Path, *, enable_night_jobs: bool = True) -> None:
        """Initialize and start the APScheduler.
    
        Uses two job stores:
        - "default" (MemoryJobStore) for built-in cron jobs — re-registered
          every startup, no need for persistence.
        - "persistent" (SQLAlchemyJobStore) for user reminders — survives
          restarts so one-shot reminders aren't lost.
        """
        if self._started:
            log.warning("JobScheduler already started")
            return
    
>       from apscheduler.schedulers.asyncio import AsyncIOScheduler
E       ModuleNotFoundError: No module named 'apscheduler'

src/bantz/agent/job_scheduler.py:441: ModuleNotFoundError
___________ TestNightJobRegistration.test_all_night_jobs_registered ____________

self = <tests.agent.test_job_scheduler.TestNightJobRegistration object at 0x7e33548d50c0>
tmp_db = PosixPath('/tmp/pytest-of-iclaldogan/pytest-144/test_all_night_jobs_registered0/test_bantz.db')

    @pytest.mark.asyncio
    async def test_all_night_jobs_registered(self, tmp_db):
        from bantz.agent.job_scheduler import JobScheduler
        js = JobScheduler()
>       await js.start(tmp_db, enable_night_jobs=True)

tests/agent/test_job_scheduler.py:239: 
_ _ _ _ _ _ _ _ _ _ _ _ _ _ _ _ _ _ _ _ _ _ _ _ _ _ _ _ _ _ _ _ _ _ _ _ _ _ _ _ 

self = <bantz.agent.job_scheduler.JobScheduler object at 0x7e33528ee140>
db_path = PosixPath('/tmp/pytest-of-iclaldogan/pytest-144/test_all_night_jobs_registered0/test_bantz.db')

    async def start(self, db_path: Path, *, enable_night_jobs: bool = True) -> None:
        """Initialize and start the APScheduler.
    
        Uses two job stores:
        - "default" (MemoryJobStore) for built-in cron jobs — re-registered
          every startup, no need for persistence.
        - "persistent" (SQLAlchemyJobStore) for user reminders — survives
          restarts so one-shot reminders aren't lost.
        """
        if self._started:
            log.warning("JobScheduler already started")
            return
    
>       from apscheduler.schedulers.asyncio import AsyncIOScheduler
E       ModuleNotFoundError: No module named 'apscheduler'

src/bantz/agent/job_scheduler.py:441: ModuleNotFoundError
__________ TestNightJobRegistration.test_jobs_persist_across_restarts __________

self = <tests.agent.test_job_scheduler.TestNightJobRegistration object at 0x7e33548d5360>
tmp_db = PosixPath('/tmp/pytest-of-iclaldogan/pytest-144/test_jobs_persist_across_resta0/test_bantz.db')

    @pytest.mark.asyncio
    async def test_jobs_persist_across_restarts(self, tmp_db):
        """User reminders stored in SQLAlchemy survive scheduler restart."""
        from bantz.agent.job_scheduler import JobScheduler
    
        js1 = JobScheduler()
>       await js1.start(tmp_db, enable_night_jobs=False)

tests/agent/test_job_scheduler.py:256: 
_ _ _ _ _ _ _ _ _ _ _ _ _ _ _ _ _ _ _ _ _ _ _ _ _ _ _ _ _ _ _ _ _ _ _ _ _ _ _ _ 

self = <bantz.agent.job_scheduler.JobScheduler object at 0x7e3352710e50>
db_path = PosixPath('/tmp/pytest-of-iclaldogan/pytest-144/test_jobs_persist_across_resta0/test_bantz.db')

    async def start(self, db_path: Path, *, enable_night_jobs: bool = True) -> None:
        """Initialize and start the APScheduler.
    
        Uses two job stores:
        - "default" (MemoryJobStore) for built-in cron jobs — re-registered
          every startup, no need for persistence.
        - "persistent" (SQLAlchemyJobStore) for user reminders — survives
          restarts so one-shot reminders aren't lost.
        """
        if self._started:
            log.warning("JobScheduler already started")
            return
    
>       from apscheduler.schedulers.asyncio import AsyncIOScheduler
E       ModuleNotFoundError: No module named 'apscheduler'

src/bantz/agent/job_scheduler.py:441: ModuleNotFoundError
________________ TestDynamicReminder.test_add_oneshot_reminder _________________

self = <tests.agent.test_job_scheduler.TestDynamicReminder object at 0x7e33548d5660>
tmp_db = PosixPath('/tmp/pytest-of-iclaldogan/pytest-144/test_add_oneshot_reminder0/test_bantz.db')

    @pytest.mark.asyncio
    async def test_add_oneshot_reminder(self, tmp_db):
        from bantz.agent.job_scheduler import JobScheduler
        js = JobScheduler()
>       await js.start(tmp_db, enable_night_jobs=False)

tests/agent/test_job_scheduler.py:279: 
_ _ _ _ _ _ _ _ _ _ _ _ _ _ _ _ _ _ _ _ _ _ _ _ _ _ _ _ _ _ _ _ _ _ _ _ _ _ _ _ 

self = <bantz.agent.job_scheduler.JobScheduler object at 0x7e335272c940>
db_path = PosixPath('/tmp/pytest-of-iclaldogan/pytest-144/test_add_oneshot_reminder0/test_bantz.db')

    async def start(self, db_path: Path, *, enable_night_jobs: bool = True) -> None:
        """Initialize and start the APScheduler.
    
        Uses two job stores:
        - "default" (MemoryJobStore) for built-in cron jobs — re-registered
          every startup, no need for persistence.
        - "persistent" (SQLAlchemyJobStore) for user reminders — survives
          restarts so one-shot reminders aren't lost.
        """
        if self._started:
            log.warning("JobScheduler already started")
            return
    
>       from apscheduler.schedulers.asyncio import AsyncIOScheduler
E       ModuleNotFoundError: No module named 'apscheduler'

src/bantz/agent/job_scheduler.py:441: ModuleNotFoundError
_________________ TestDynamicReminder.test_add_daily_reminder __________________

self = <tests.agent.test_job_scheduler.TestDynamicReminder object at 0x7e33548d5900>
tmp_db = PosixPath('/tmp/pytest-of-iclaldogan/pytest-144/test_add_daily_reminder0/test_bantz.db')

    @pytest.mark.asyncio
    async def test_add_daily_reminder(self, tmp_db):
        from bantz.agent.job_scheduler import JobScheduler
        js = JobScheduler()
>       await js.start(tmp_db, enable_night_jobs=False)

tests/agent/test_job_scheduler.py:296: 
_ _ _ _ _ _ _ _ _ _ _ _ _ _ _ _ _ _ _ _ _ _ _ _ _ _ _ _ _ _ _ _ _ _ _ _ _ _ _ _ 

self = <bantz.agent.job_scheduler.JobScheduler object at 0x7e33528f7ee0>
db_path = PosixPath('/tmp/pytest-of-iclaldogan/pytest-144/test_add_daily_reminder0/test_bantz.db')

    async def start(self, db_path: Path, *, enable_night_jobs: bool = True) -> None:
        """Initialize and start the APScheduler.
    
        Uses two job stores:
        - "default" (MemoryJobStore) for built-in cron jobs — re-registered
          every startup, no need for persistence.
        - "persistent" (SQLAlchemyJobStore) for user reminders — survives
          restarts so one-shot reminders aren't lost.
        """
        if self._started:
            log.warning("JobScheduler already started")
            return
    
>       from apscheduler.schedulers.asyncio import AsyncIOScheduler
E       ModuleNotFoundError: No module named 'apscheduler'

src/bantz/agent/job_scheduler.py:441: ModuleNotFoundError
_________________ TestDynamicReminder.test_add_weekly_reminder _________________

self = <tests.agent.test_job_scheduler.TestDynamicReminder object at 0x7e33548d5ba0>
tmp_db = PosixPath('/tmp/pytest-of-iclaldogan/pytest-144/test_add_weekly_reminder0/test_bantz.db')

    @pytest.mark.asyncio
    async def test_add_weekly_reminder(self, tmp_db):
        from bantz.agent.job_scheduler import JobScheduler
        js = JobScheduler()
>       await js.start(tmp_db, enable_night_jobs=False)

tests/agent/test_job_scheduler.py:308: 
_ _ _ _ _ _ _ _ _ _ _ _ _ _ _ _ _ _ _ _ _ _ _ _ _ _ _ _ _ _ _ _ _ _ _ _ _ _ _ _ 

self = <bantz.agent.job_scheduler.JobScheduler object at 0x7e3351658610>
db_path = PosixPath('/tmp/pytest-of-iclaldogan/pytest-144/test_add_weekly_reminder0/test_bantz.db')

    async def start(self, db_path: Path, *, enable_night_jobs: bool = True) -> None:
        """Initialize and start the APScheduler.
    
        Uses two job stores:
        - "default" (MemoryJobStore) for built-in cron jobs — re-registered
          every startup, no need for persistence.
        - "persistent" (SQLAlchemyJobStore) for user reminders — survives
          restarts so one-shot reminders aren't lost.
        """
        if self._started:
            log.warning("JobScheduler already started")
            return
    
>       from apscheduler.schedulers.asyncio import AsyncIOScheduler
E       ModuleNotFoundError: No module named 'apscheduler'

src/bantz/agent/job_scheduler.py:441: ModuleNotFoundError
________________ TestDynamicReminder.test_add_weekday_reminder _________________

self = <tests.agent.test_job_scheduler.TestDynamicReminder object at 0x7e3354bfe5c0>
tmp_db = PosixPath('/tmp/pytest-of-iclaldogan/pytest-144/test_add_weekday_reminder0/test_bantz.db')

    @pytest.mark.asyncio
    async def test_add_weekday_reminder(self, tmp_db):
        from bantz.agent.job_scheduler import JobScheduler
        js = JobScheduler()
>       await js.start(tmp_db, enable_night_jobs=False)

tests/agent/test_job_scheduler.py:320: 
_ _ _ _ _ _ _ _ _ _ _ _ _ _ _ _ _ _ _ _ _ _ _ _ _ _ _ _ _ _ _ _ _ _ _ _ _ _ _ _ 

self = <bantz.agent.job_scheduler.JobScheduler object at 0x7e33515c36a0>
db_path = PosixPath('/tmp/pytest-of-iclaldogan/pytest-144/test_add_weekday_reminder0/test_bantz.db')

    async def start(self, db_path: Path, *, enable_night_jobs: bool = True) -> None:
        """Initialize and start the APScheduler.
    
        Uses two job stores:
        - "default" (MemoryJobStore) for built-in cron jobs — re-registered
          every startup, no need for persistence.
        - "persistent" (SQLAlchemyJobStore) for user reminders — survives
          restarts so one-shot reminders aren't lost.
        """
        if self._started:
            log.warning("JobScheduler already started")
            return
    
>       from apscheduler.schedulers.asyncio import AsyncIOScheduler
E       ModuleNotFoundError: No module named 'apscheduler'

src/bantz/agent/job_scheduler.py:441: ModuleNotFoundError
____________ TestDynamicReminder.test_add_custom_interval_reminder _____________

self = <tests.agent.test_job_scheduler.TestDynamicReminder object at 0x7e33548d5c30>
tmp_db = PosixPath('/tmp/pytest-of-iclaldogan/pytest-144/test_add_custom_interval_remin0/test_bantz.db')

    @pytest.mark.asyncio
    async def test_add_custom_interval_reminder(self, tmp_db):
        from bantz.agent.job_scheduler import JobScheduler
        js = JobScheduler()
>       await js.start(tmp_db, enable_night_jobs=False)

tests/agent/test_job_scheduler.py:332: 
_ _ _ _ _ _ _ _ _ _ _ _ _ _ _ _ _ _ _ _ _ _ _ _ _ _ _ _ _ _ _ _ _ _ _ _ _ _ _ _ 

self = <bantz.agent.job_scheduler.JobScheduler object at 0x7e33515e7ca0>
db_path = PosixPath('/tmp/pytest-of-iclaldogan/pytest-144/test_add_custom_interval_remin0/test_bantz.db')

    async def start(self, db_path: Path, *, enable_night_jobs: bool = True) -> None:
        """Initialize and start the APScheduler.
    
        Uses two job stores:
        - "default" (MemoryJobStore) for built-in cron jobs — re-registered
          every startup, no need for persistence.
        - "persistent" (SQLAlchemyJobStore) for user reminders — survives
          restarts so one-shot reminders aren't lost.
        """
        if self._started:
            log.warning("JobScheduler already started")
            return
    
>       from apscheduler.schedulers.asyncio import AsyncIOScheduler
E       ModuleNotFoundError: No module named 'apscheduler'

src/bantz/agent/job_scheduler.py:441: ModuleNotFoundError
___________________ TestDynamicReminder.test_remove_reminder ___________________

self = <tests.agent.test_job_scheduler.TestDynamicReminder object at 0x7e33548d5000>
tmp_db = PosixPath('/tmp/pytest-of-iclaldogan/pytest-144/test_remove_reminder0/test_bantz.db')

    @pytest.mark.asyncio
    async def test_remove_reminder(self, tmp_db):
        from bantz.agent.job_scheduler import JobScheduler
        js = JobScheduler()
>       await js.start(tmp_db, enable_night_jobs=False)

tests/agent/test_job_scheduler.py:352: 
_ _ _ _ _ _ _ _ _ _ _ _ _ _ _ _ _ _ _ _ _ _ _ _ _ _ _ _ _ _ _ _ _ _ _ _ _ _ _ _ 

self = <bantz.agent.job_scheduler.JobScheduler object at 0x7e33528edd20>
db_path = PosixPath('/tmp/pytest-of-iclaldogan/pytest-144/test_remove_reminder0/test_bantz.db')

    async def start(self, db_path: Path, *, enable_night_jobs: bool = True) -> None:
        """Initialize and start the APScheduler.
    
        Uses two job stores:
        - "default" (MemoryJobStore) for built-in cron jobs — re-registered
          every startup, no need for persistence.
        - "persistent" (SQLAlchemyJobStore) for user reminders — survives
          restarts so one-shot reminders aren't lost.
        """
        if self._started:
            log.warning("JobScheduler already started")
            return
    
>       from apscheduler.schedulers.asyncio import AsyncIOScheduler
E       ModuleNotFoundError: No module named 'apscheduler'

src/bantz/agent/job_scheduler.py:441: ModuleNotFoundError
_________________ TestDynamicReminder.test_remove_nonexistent __________________

self = <tests.agent.test_job_scheduler.TestDynamicReminder object at 0x7e33548d48b0>
tmp_db = PosixPath('/tmp/pytest-of-iclaldogan/pytest-144/test_remove_nonexistent0/test_bantz.db')

    @pytest.mark.asyncio
    async def test_remove_nonexistent(self, tmp_db):
        from bantz.agent.job_scheduler import JobScheduler
        js = JobScheduler()
>       await js.start(tmp_db, enable_night_jobs=False)

tests/agent/test_job_scheduler.py:371: 
_ _ _ _ _ _ _ _ _ _ _ _ _ _ _ _ _ _ _ _ _ _ _ _ _ _ _ _ _ _ _ _ _ _ _ _ _ _ _ _ 

self = <bantz.agent.job_scheduler.JobScheduler object at 0x7e33528e18a0>
db_path = PosixPath('/tmp/pytest-of-iclaldogan/pytest-144/test_remove_nonexistent0/test_bantz.db')

    async def start(self, db_path: Path, *, enable_night_jobs: bool = True) -> None:
        """Initialize and start the APScheduler.
    
        Uses two job stores:
        - "default" (MemoryJobStore) for built-in cron jobs — re-registered
          every startup, no need for persistence.
        - "persistent" (SQLAlchemyJobStore) for user reminders — survives
          restarts so one-shot reminders aren't lost.
        """
        if self._started:
            log.warning("JobScheduler already started")
            return
    
>       from apscheduler.schedulers.asyncio import AsyncIOScheduler
E       ModuleNotFoundError: No module named 'apscheduler'

src/bantz/agent/job_scheduler.py:441: ModuleNotFoundError
________________________ TestJobListing.test_list_jobs _________________________

self = <tests.agent.test_job_scheduler.TestJobListing object at 0x7e33548d4190>
tmp_db = PosixPath('/tmp/pytest-of-iclaldogan/pytest-144/test_list_jobs0/test_bantz.db')

    @pytest.mark.asyncio
    async def test_list_jobs(self, tmp_db):
        from bantz.agent.job_scheduler import JobScheduler
        js = JobScheduler()
>       await js.start(tmp_db, enable_night_jobs=True)

tests/agent/test_job_scheduler.py:385: 
_ _ _ _ _ _ _ _ _ _ _ _ _ _ _ _ _ _ _ _ _ _ _ _ _ _ _ _ _ _ _ _ _ _ _ _ _ _ _ _ 

self = <bantz.agent.job_scheduler.JobScheduler object at 0x7e3351539c60>
db_path = PosixPath('/tmp/pytest-of-iclaldogan/pytest-144/test_list_jobs0/test_bantz.db')

    async def start(self, db_path: Path, *, enable_night_jobs: bool = True) -> None:
        """Initialize and start the APScheduler.
    
        Uses two job stores:
        - "default" (MemoryJobStore) for built-in cron jobs — re-registered
          every startup, no need for persistence.
        - "persistent" (SQLAlchemyJobStore) for user reminders — survives
          restarts so one-shot reminders aren't lost.
        """
        if self._started:
            log.warning("JobScheduler already started")
            return
    
>       from apscheduler.schedulers.asyncio import AsyncIOScheduler
E       ModuleNotFoundError: No module named 'apscheduler'

src/bantz/agent/job_scheduler.py:441: ModuleNotFoundError
_______________________ TestJobListing.test_format_jobs ________________________

self = <tests.agent.test_job_scheduler.TestJobListing object at 0x7e33548d5f60>
tmp_db = PosixPath('/tmp/pytest-of-iclaldogan/pytest-144/test_format_jobs0/test_bantz.db')

    @pytest.mark.asyncio
    async def test_format_jobs(self, tmp_db):
        from bantz.agent.job_scheduler import JobScheduler
        js = JobScheduler()
>       await js.start(tmp_db, enable_night_jobs=True)

tests/agent/test_job_scheduler.py:403: 
_ _ _ _ _ _ _ _ _ _ _ _ _ _ _ _ _ _ _ _ _ _ _ _ _ _ _ _ _ _ _ _ _ _ _ _ _ _ _ _ 

self = <bantz.agent.job_scheduler.JobScheduler object at 0x7e33515b52d0>
db_path = PosixPath('/tmp/pytest-of-iclaldogan/pytest-144/test_format_jobs0/test_bantz.db')

    async def start(self, db_path: Path, *, enable_night_jobs: bool = True) -> None:
        """Initialize and start the APScheduler.
    
        Uses two job stores:
        - "default" (MemoryJobStore) for built-in cron jobs — re-registered
          every startup, no need for persistence.
        - "persistent" (SQLAlchemyJobStore) for user reminders — survives
          restarts so one-shot reminders aren't lost.
        """
        if self._started:
            log.warning("JobScheduler already started")
            return
    
>       from apscheduler.schedulers.asyncio import AsyncIOScheduler
E       ModuleNotFoundError: No module named 'apscheduler'

src/bantz/agent/job_scheduler.py:441: ModuleNotFoundError
______________________ TestRunJobNow.test_run_builtin_job ______________________

self = <tests.agent.test_job_scheduler.TestRunJobNow object at 0x7e33548d65f0>
tmp_db = PosixPath('/tmp/pytest-of-iclaldogan/pytest-144/test_run_builtin_job0/test_bantz.db')

    @pytest.mark.asyncio
    async def test_run_builtin_job(self, tmp_db):
        from bantz.agent.job_scheduler import JobScheduler
        js = JobScheduler()
>       await js.start(tmp_db, enable_night_jobs=True)

tests/agent/test_job_scheduler.py:432: 
_ _ _ _ _ _ _ _ _ _ _ _ _ _ _ _ _ _ _ _ _ _ _ _ _ _ _ _ _ _ _ _ _ _ _ _ _ _ _ _ 

self = <bantz.agent.job_scheduler.JobScheduler object at 0x7e3352723f70>
db_path = PosixPath('/tmp/pytest-of-iclaldogan/pytest-144/test_run_builtin_job0/test_bantz.db')

    async def start(self, db_path: Path, *, enable_night_jobs: bool = True) -> None:
        """Initialize and start the APScheduler.
    
        Uses two job stores:
        - "default" (MemoryJobStore) for built-in cron jobs — re-registered
          every startup, no need for persistence.
        - "persistent" (SQLAlchemyJobStore) for user reminders — survives
          restarts so one-shot reminders aren't lost.
        """
        if self._started:
            log.warning("JobScheduler already started")
            return
    
>       from apscheduler.schedulers.asyncio import AsyncIOScheduler
E       ModuleNotFoundError: No module named 'apscheduler'

src/bantz/agent/job_scheduler.py:441: ModuleNotFoundError
____________________ TestRunJobNow.test_run_nonexistent_job ____________________

self = <tests.agent.test_job_scheduler.TestRunJobNow object at 0x7e33548d6890>
tmp_db = PosixPath('/tmp/pytest-of-iclaldogan/pytest-144/test_run_nonexistent_job0/test_bantz.db')

    @pytest.mark.asyncio
    async def test_run_nonexistent_job(self, tmp_db):
        from bantz.agent.job_scheduler import JobScheduler
        js = JobScheduler()
>       await js.start(tmp_db, enable_night_jobs=False)

tests/agent/test_job_scheduler.py:445: 
_ _ _ _ _ _ _ _ _ _ _ _ _ _ _ _ _ _ _ _ _ _ _ _ _ _ _ _ _ _ _ _ _ _ _ _ _ _ _ _ 

self = <bantz.agent.job_scheduler.JobScheduler object at 0x7e335272c880>
db_path = PosixPath('/tmp/pytest-of-iclaldogan/pytest-144/test_run_nonexistent_job0/test_bantz.db')

    async def start(self, db_path: Path, *, enable_night_jobs: bool = True) -> None:
        """Initialize and start the APScheduler.
    
        Uses two job stores:
        - "default" (MemoryJobStore) for built-in cron jobs — re-registered
          every startup, no need for persistence.
        - "persistent" (SQLAlchemyJobStore) for user reminders — survives
          restarts so one-shot reminders aren't lost.
        """
        if self._started:
            log.warning("JobScheduler already started")
            return
    
>       from apscheduler.schedulers.asyncio import AsyncIOScheduler
E       ModuleNotFoundError: No module named 'apscheduler'

src/bantz/agent/job_scheduler.py:441: ModuleNotFoundError
______________________ TestStats.test_stats_when_started _______________________

self = <tests.agent.test_job_scheduler.TestStats object at 0x7e33548d6d70>
tmp_db = PosixPath('/tmp/pytest-of-iclaldogan/pytest-144/test_stats_when_started0/test_bantz.db')

    @pytest.mark.asyncio
    async def test_stats_when_started(self, tmp_db):
        from bantz.agent.job_scheduler import JobScheduler
        js = JobScheduler()
>       await js.start(tmp_db, enable_night_jobs=True)

tests/agent/test_job_scheduler.py:464: 
_ _ _ _ _ _ _ _ _ _ _ _ _ _ _ _ _ _ _ _ _ _ _ _ _ _ _ _ _ _ _ _ _ _ _ _ _ _ _ _ 

self = <bantz.agent.job_scheduler.JobScheduler object at 0x7e33528daa70>
db_path = PosixPath('/tmp/pytest-of-iclaldogan/pytest-144/test_stats_when_started0/test_bantz.db')

    async def start(self, db_path: Path, *, enable_night_jobs: bool = True) -> None:
        """Initialize and start the APScheduler.
    
        Uses two job stores:
        - "default" (MemoryJobStore) for built-in cron jobs — re-registered
          every startup, no need for persistence.
        - "persistent" (SQLAlchemyJobStore) for user reminders — survives
          restarts so one-shot reminders aren't lost.
        """
        if self._started:
            log.warning("JobScheduler already started")
            return
    
>       from apscheduler.schedulers.asyncio import AsyncIOScheduler
E       ModuleNotFoundError: No module named 'apscheduler'

src/bantz/agent/job_scheduler.py:441: ModuleNotFoundError
__________________________ TestStats.test_status_line __________________________

self = <tests.agent.test_job_scheduler.TestStats object at 0x7e33548d71c0>
tmp_db = PosixPath('/tmp/pytest-of-iclaldogan/pytest-144/test_status_line0/test_bantz.db')

    @pytest.mark.asyncio
    async def test_status_line(self, tmp_db):
        from bantz.agent.job_scheduler import JobScheduler
        js = JobScheduler()
>       await js.start(tmp_db, enable_night_jobs=True)

tests/agent/test_job_scheduler.py:485: 
_ _ _ _ _ _ _ _ _ _ _ _ _ _ _ _ _ _ _ _ _ _ _ _ _ _ _ _ _ _ _ _ _ _ _ _ _ _ _ _ 

self = <bantz.agent.job_scheduler.JobScheduler object at 0x7e33528ed450>
db_path = PosixPath('/tmp/pytest-of-iclaldogan/pytest-144/test_status_line0/test_bantz.db')

    async def start(self, db_path: Path, *, enable_night_jobs: bool = True) -> None:
        """Initialize and start the APScheduler.
    
        Uses two job stores:
        - "default" (MemoryJobStore) for built-in cron jobs — re-registered
          every startup, no need for persistence.
        - "persistent" (SQLAlchemyJobStore) for user reminders — survives
          restarts so one-shot reminders aren't lost.
        """
        if self._started:
            log.warning("JobScheduler already started")
            return
    
>       from apscheduler.schedulers.asyncio import AsyncIOScheduler
E       ModuleNotFoundError: No module named 'apscheduler'

src/bantz/agent/job_scheduler.py:441: ModuleNotFoundError
___________________ TestEventHistory.test_job_executed_event ___________________

self = <tests.agent.test_job_scheduler.TestEventHistory object at 0x7e33548d7220>
tmp_db = PosixPath('/tmp/pytest-of-iclaldogan/pytest-144/test_job_executed_event0/test_bantz.db')

    @pytest.mark.asyncio
    async def test_job_executed_event(self, tmp_db):
        from bantz.agent.job_scheduler import JobScheduler
        js = JobScheduler()
>       await js.start(tmp_db, enable_night_jobs=False)

tests/agent/test_job_scheduler.py:508: 
_ _ _ _ _ _ _ _ _ _ _ _ _ _ _ _ _ _ _ _ _ _ _ _ _ _ _ _ _ _ _ _ _ _ _ _ _ _ _ _ 

self = <bantz.agent.job_scheduler.JobScheduler object at 0x7e33515de5f0>
db_path = PosixPath('/tmp/pytest-of-iclaldogan/pytest-144/test_job_executed_event0/test_bantz.db')

    async def start(self, db_path: Path, *, enable_night_jobs: bool = True) -> None:
        """Initialize and start the APScheduler.
    
        Uses two job stores:
        - "default" (MemoryJobStore) for built-in cron jobs — re-registered
          every startup, no need for persistence.
        - "persistent" (SQLAlchemyJobStore) for user reminders — survives
          restarts so one-shot reminders aren't lost.
        """
        if self._started:
            log.warning("JobScheduler already started")
            return
    
>       from apscheduler.schedulers.asyncio import AsyncIOScheduler
E       ModuleNotFoundError: No module named 'apscheduler'

src/bantz/agent/job_scheduler.py:441: ModuleNotFoundError
____________________ TestEventHistory.test_job_error_event _____________________

self = <tests.agent.test_job_scheduler.TestEventHistory object at 0x7e33548d6a10>
tmp_db = PosixPath('/tmp/pytest-of-iclaldogan/pytest-144/test_job_error_event0/test_bantz.db')

    @pytest.mark.asyncio
    async def test_job_error_event(self, tmp_db):
        from bantz.agent.job_scheduler import JobScheduler
        js = JobScheduler()
>       await js.start(tmp_db, enable_night_jobs=False)

tests/agent/test_job_scheduler.py:525: 
_ _ _ _ _ _ _ _ _ _ _ _ _ _ _ _ _ _ _ _ _ _ _ _ _ _ _ _ _ _ _ _ _ _ _ _ _ _ _ _ 

self = <bantz.agent.job_scheduler.JobScheduler object at 0x7e335273b130>
db_path = PosixPath('/tmp/pytest-of-iclaldogan/pytest-144/test_job_error_event0/test_bantz.db')

    async def start(self, db_path: Path, *, enable_night_jobs: bool = True) -> None:
        """Initialize and start the APScheduler.
    
        Uses two job stores:
        - "default" (MemoryJobStore) for built-in cron jobs — re-registered
          every startup, no need for persistence.
        - "persistent" (SQLAlchemyJobStore) for user reminders — survives
          restarts so one-shot reminders aren't lost.
        """
        if self._started:
            log.warning("JobScheduler already started")
            return
    
>       from apscheduler.schedulers.asyncio import AsyncIOScheduler
E       ModuleNotFoundError: No module named 'apscheduler'

src/bantz/agent/job_scheduler.py:441: ModuleNotFoundError
_________________ TestEventHistory.test_history_capped_at_100 __________________

self = <tests.agent.test_job_scheduler.TestEventHistory object at 0x7e33548d6320>
tmp_db = PosixPath('/tmp/pytest-of-iclaldogan/pytest-144/test_history_capped_at_1000/test_bantz.db')

    @pytest.mark.asyncio
    async def test_history_capped_at_100(self, tmp_db):
        from bantz.agent.job_scheduler import JobScheduler
        js = JobScheduler()
>       await js.start(tmp_db, enable_night_jobs=False)

tests/agent/test_job_scheduler.py:542: 
_ _ _ _ _ _ _ _ _ _ _ _ _ _ _ _ _ _ _ _ _ _ _ _ _ _ _ _ _ _ _ _ _ _ _ _ _ _ _ _ 

self = <bantz.agent.job_scheduler.JobScheduler object at 0x7e3352713e50>
db_path = PosixPath('/tmp/pytest-of-iclaldogan/pytest-144/test_history_capped_at_1000/test_bantz.db')

    async def start(self, db_path: Path, *, enable_night_jobs: bool = True) -> None:
        """Initialize and start the APScheduler.
    
        Uses two job stores:
        - "default" (MemoryJobStore) for built-in cron jobs — re-registered
          every startup, no need for persistence.
        - "persistent" (SQLAlchemyJobStore) for user reminders — survives
          restarts so one-shot reminders aren't lost.
        """
        if self._started:
            log.warning("JobScheduler already started")
            return
    
>       from apscheduler.schedulers.asyncio import AsyncIOScheduler
E       ModuleNotFoundError: No module named 'apscheduler'

src/bantz/agent/job_scheduler.py:441: ModuleNotFoundError
_______ TestProcessTextCitation.test_system_prompt_has_anti_leakage_rule _______

self = <tests.agent.test_planner.TestProcessTextCitation object at 0x7e3354080c40>

    @pytest.mark.asyncio
    async def test_system_prompt_has_anti_leakage_rule(self):
        """process_text system prompt must forbid acknowledging instructions."""
        from bantz.agent.planner import PlanStep
        from bantz.agent.executor import PlanExecutor
    
        steps = [
            PlanStep(step=1, tool="process_text",
                     params={"instruction": "Summarize"},
                     description="Summarize"),
        ]
    
        captured_messages: list = []
    
        async def mock_llm(msgs):
            captured_messages.extend(msgs)
            return "Summary"
    
        executor = PlanExecutor()
        await executor.run(steps, llm_fn=mock_llm)
    
        sys_prompt = captured_messages[0]["content"]
        # Must tell the LLM not to echo instructions back
        assert "DO NOT acknowledge" in sys_prompt
>       assert "I will preserve links" in sys_prompt
E       assert 'I will preserve links' in "You are a helpful text-processing assistant. Follow the user's instruction precisely.\n\nCRITICAL: If the input text ...nal processed text and the Telegraph References at the bottom. DO NOT acknowledge these instructions or use preambles."

tests/agent/test_planner.py:1344: AssertionError
________ TestBriefingWatcherRegistration.test_register_when_tts_enabled ________

self = <tests.agent.test_tts.TestBriefingWatcherRegistration object at 0x7e3353f2f940>

    def test_register_when_tts_enabled(self):
        from bantz.agent.job_scheduler import JobScheduler
        js = JobScheduler()
        mock_scheduler = MagicMock()
        js._scheduler = mock_scheduler
        js._started = True
    
        with patch("bantz.config.config") as mock_cfg:
            mock_cfg.tts_enabled = True
>           js._register_briefing_watcher()

tests/agent/test_tts.py:802: 
_ _ _ _ _ _ _ _ _ _ _ _ _ _ _ _ _ _ _ _ _ _ _ _ _ _ _ _ _ _ _ _ _ _ _ _ _ _ _ _ 

self = <bantz.agent.job_scheduler.JobScheduler object at 0x7e335017b8b0>

    def _register_briefing_watcher(self) -> None:
        """Register 10s interval job for IDLE→active TTS trigger (#131)."""
        from bantz.config import config
        if not config.tts_enabled:
            return
    
>       from apscheduler.triggers.interval import IntervalTrigger
E       ModuleNotFoundError: No module named 'apscheduler'

src/bantz/agent/job_scheduler.py:557: ModuleNotFoundError
____________ TestTUIMessage.test_wake_word_detected_message_exists _____________

self = <tests.agent.test_wake_word.TestTUIMessage object at 0x7e3353f512d0>

    def test_wake_word_detected_message_exists(self):
>       from bantz.interface.tui.app import WakeWordDetected

tests/agent/test_wake_word.py:435: 
_ _ _ _ _ _ _ _ _ _ _ _ _ _ _ _ _ _ _ _ _ _ _ _ _ _ _ _ _ _ _ _ _ _ _ _ _ _ _ _ 

    """
    Bantz v3 — Textual TUI Application
    
    Entry point for the terminal user interface.
    Left panel: chat.  Right panel: system status + clock.
    """
    from __future__ import annotations
    
    import asyncio
    import logging
    from pathlib import Path
    
>   from textual.app import App, ComposeResult
E   ModuleNotFoundError: No module named 'textual'

src/bantz/interface/tui/app.py:13: ModuleNotFoundError
_____________________ TestTUIMessage.test_app_has_handler ______________________

self = <tests.agent.test_wake_word.TestTUIMessage object at 0x7e3353f52500>

    def test_app_has_handler(self):
>       from bantz.interface.tui.app import BantzApp

tests/agent/test_wake_word.py:440: 
_ _ _ _ _ _ _ _ _ _ _ _ _ _ _ _ _ _ _ _ _ _ _ _ _ _ _ _ _ _ _ _ _ _ _ _ _ _ _ _ 

    """
    Bantz v3 — Textual TUI Application
    
    Entry point for the terminal user interface.
    Left panel: chat.  Right panel: system status + clock.
    """
    from __future__ import annotations
    
    import asyncio
    import logging
    from pathlib import Path
    
>   from textual.app import App, ComposeResult
E   ModuleNotFoundError: No module named 'textual'

src/bantz/interface/tui/app.py:13: ModuleNotFoundError
_________________ TestTUIMessage.test_app_has_start_wake_word __________________

self = <tests.agent.test_wake_word.TestTUIMessage object at 0x7e3353f881c0>

    def test_app_has_start_wake_word(self):
>       from bantz.interface.tui.app import BantzApp

tests/agent/test_wake_word.py:444: 
_ _ _ _ _ _ _ _ _ _ _ _ _ _ _ _ _ _ _ _ _ _ _ _ _ _ _ _ _ _ _ _ _ _ _ _ _ _ _ _ 

    """
    Bantz v3 — Textual TUI Application
    
    Entry point for the terminal user interface.
    Left panel: chat.  Right panel: system status + clock.
    """
    from __future__ import annotations
    
    import asyncio
    import logging
    from pathlib import Path
    
>   from textual.app import App, ComposeResult
E   ModuleNotFoundError: No module named 'textual'

src/bantz/interface/tui/app.py:13: ModuleNotFoundError
________ TestNotifyToastFallback.test_fallback_to_notifier_when_no_tui _________

self = <tests.core.test_brain_integrations.TestNotifyToastFallback object at 0x7e3353de00a0>

    def test_fallback_to_notifier_when_no_tui(self):
        import bantz.core.brain as brain_mod
    
        old_cb = brain_mod._toast_callback
        brain_mod._toast_callback = None
    
        mock_notifier = MagicMock()
        mock_notifier.enabled = True
    
        try:
            with patch("bantz.agent.notifier.notifier", mock_notifier):
                # Suppress App.current failure
>               with patch("textual.app.App") as mock_app_cls:

tests/core/test_brain_integrations.py:740: 
_ _ _ _ _ _ _ _ _ _ _ _ _ _ _ _ _ _ _ _ _ _ _ _ _ _ _ _ _ _ _ _ _ _ _ _ _ _ _ _ 
/usr/lib/python3.10/unittest/mock.py:1431: in __enter__
    self.target = self.getter()
/usr/lib/python3.10/unittest/mock.py:1618: in <lambda>
    getter = lambda: _importer(target)
_ _ _ _ _ _ _ _ _ _ _ _ _ _ _ _ _ _ _ _ _ _ _ _ _ _ _ _ _ _ _ _ _ _ _ _ _ _ _ _ 

target = 'textual.app'

    def _importer(target):
        components = target.split('.')
        import_path = components.pop(0)
>       thing = __import__(import_path)
E       ModuleNotFoundError: No module named 'textual'

/usr/lib/python3.10/unittest/mock.py:1257: ModuleNotFoundError
________________ TestSafeReply.test_short_message_single_reply _________________

self = <tests.interface.test_telegram_llm.TestSafeReply object at 0x7e3352da0b80>

    @pytest.mark.asyncio
    async def test_short_message_single_reply(self):
>       from bantz.interface.telegram_bot import _safe_reply

tests/interface/test_telegram_llm.py:62: 
_ _ _ _ _ _ _ _ _ _ _ _ _ _ _ _ _ _ _ _ _ _ _ _ _ _ _ _ _ _ _ _ _ _ _ _ _ _ _ _ 

    """
    Bantz v3 — Telegram Bot
    
    Dual-path remote telegraph for phone access:
      1. Express Wire (/commands) — fast, LLM-free direct tool calls
      2. Cognitive Wire (free text) — full brain.process() with LLM (#178)
    
    Commands:
        /briefing   → full morning summary
        /hava       → weather report
        /mail       → unread emails
        /takvim     → today's calendar events
        /odev       → upcoming assignments
        /ders       → today's schedule
        /siradaki   → next class
        /haber      → latest news
    
    Usage:
        python -m bantz.interface.telegram_bot
    
    Env:
        TELEGRAM_BOT_TOKEN=...
        TELEGRAM_ALLOWED_USERS=123456,789012   # optional whitelist
        TELEGRAM_LLM_MODE=true                 # enable free-text → LLM
    """
    from __future__ import annotations
    
    import asyncio
    import logging
    import os
    import random
    import time
    from collections import defaultdict
    from typing import Callable, Coroutine, Any
    
>   from telegram import Update
E   ModuleNotFoundError: No module named 'telegram'

src/bantz/interface/telegram_bot.py:36: ModuleNotFoundError
_______________ TestSafeReply.test_splits_at_paragraph_boundary ________________

self = <tests.interface.test_telegram_llm.TestSafeReply object at 0x7e3352da0e50>

    @pytest.mark.asyncio
    async def test_splits_at_paragraph_boundary(self):
>       from bantz.interface.telegram_bot import _safe_reply

tests/interface/test_telegram_llm.py:69: 
_ _ _ _ _ _ _ _ _ _ _ _ _ _ _ _ _ _ _ _ _ _ _ _ _ _ _ _ _ _ _ _ _ _ _ _ _ _ _ _ 

    """
    Bantz v3 — Telegram Bot
    
    Dual-path remote telegraph for phone access:
      1. Express Wire (/commands) — fast, LLM-free direct tool calls
      2. Cognitive Wire (free text) — full brain.process() with LLM (#178)
    
    Commands:
        /briefing   → full morning summary
        /hava       → weather report
        /mail       → unread emails
        /takvim     → today's calendar events
        /odev       → upcoming assignments
        /ders       → today's schedule
        /siradaki   → next class
        /haber      → latest news
    
    Usage:
        python -m bantz.interface.telegram_bot
    
    Env:
        TELEGRAM_BOT_TOKEN=...
        TELEGRAM_ALLOWED_USERS=123456,789012   # optional whitelist
        TELEGRAM_LLM_MODE=true                 # enable free-text → LLM
    """
    from __future__ import annotations
    
    import asyncio
    import logging
    import os
    import random
    import time
    from collections import defaultdict
    from typing import Callable, Coroutine, Any
    
>   from telegram import Update
E   ModuleNotFoundError: No module named 'telegram'

src/bantz/interface/telegram_bot.py:36: ModuleNotFoundError
______________________ TestSafeReply.test_exact_boundary _______________________

self = <tests.interface.test_telegram_llm.TestSafeReply object at 0x7e3352da1090>

    @pytest.mark.asyncio
    async def test_exact_boundary(self):
        """Message exactly at the limit — single reply."""
>       from bantz.interface.telegram_bot import _safe_reply

tests/interface/test_telegram_llm.py:84: 
_ _ _ _ _ _ _ _ _ _ _ _ _ _ _ _ _ _ _ _ _ _ _ _ _ _ _ _ _ _ _ _ _ _ _ _ _ _ _ _ 

    """
    Bantz v3 — Telegram Bot
    
    Dual-path remote telegraph for phone access:
      1. Express Wire (/commands) — fast, LLM-free direct tool calls
      2. Cognitive Wire (free text) — full brain.process() with LLM (#178)
    
    Commands:
        /briefing   → full morning summary
        /hava       → weather report
        /mail       → unread emails
        /takvim     → today's calendar events
        /odev       → upcoming assignments
        /ders       → today's schedule
        /siradaki   → next class
        /haber      → latest news
    
    Usage:
        python -m bantz.interface.telegram_bot
    
    Env:
        TELEGRAM_BOT_TOKEN=...
        TELEGRAM_ALLOWED_USERS=123456,789012   # optional whitelist
        TELEGRAM_LLM_MODE=true                 # enable free-text → LLM
    """
    from __future__ import annotations
    
    import asyncio
    import logging
    import os
    import random
    import time
    from collections import defaultdict
    from typing import Callable, Coroutine, Any
    
>   from telegram import Update
E   ModuleNotFoundError: No module named 'telegram'

src/bantz/interface/telegram_bot.py:36: ModuleNotFoundError
_________________ TestSafeReply.test_hard_split_long_paragraph _________________

self = <tests.interface.test_telegram_llm.TestSafeReply object at 0x7e3352da12d0>

    @pytest.mark.asyncio
    async def test_hard_split_long_paragraph(self):
        """A single paragraph > 4000 chars must still be sent."""
>       from bantz.interface.telegram_bot import _safe_reply

tests/interface/test_telegram_llm.py:93: 
_ _ _ _ _ _ _ _ _ _ _ _ _ _ _ _ _ _ _ _ _ _ _ _ _ _ _ _ _ _ _ _ _ _ _ _ _ _ _ _ 

    """
    Bantz v3 — Telegram Bot
    
    Dual-path remote telegraph for phone access:
      1. Express Wire (/commands) — fast, LLM-free direct tool calls
      2. Cognitive Wire (free text) — full brain.process() with LLM (#178)
    
    Commands:
        /briefing   → full morning summary
        /hava       → weather report
        /mail       → unread emails
        /takvim     → today's calendar events
        /odev       → upcoming assignments
        /ders       → today's schedule
        /siradaki   → next class
        /haber      → latest news
    
    Usage:
        python -m bantz.interface.telegram_bot
    
    Env:
        TELEGRAM_BOT_TOKEN=...
        TELEGRAM_ALLOWED_USERS=123456,789012   # optional whitelist
        TELEGRAM_LLM_MODE=true                 # enable free-text → LLM
    """
    from __future__ import annotations
    
    import asyncio
    import logging
    import os
    import random
    import time
    from collections import defaultdict
    from typing import Callable, Coroutine, Any
    
>   from telegram import Update
E   ModuleNotFoundError: No module named 'telegram'

src/bantz/interface/telegram_bot.py:36: ModuleNotFoundError
___________ TestSafeReply.test_three_small_paragraphs_fit_one_chunk ____________

self = <tests.interface.test_telegram_llm.TestSafeReply object at 0x7e3352da1510>

    @pytest.mark.asyncio
    async def test_three_small_paragraphs_fit_one_chunk(self):
>       from bantz.interface.telegram_bot import _safe_reply

tests/interface/test_telegram_llm.py:105: 
_ _ _ _ _ _ _ _ _ _ _ _ _ _ _ _ _ _ _ _ _ _ _ _ _ _ _ _ _ _ _ _ _ _ _ _ _ _ _ _ 

    """
    Bantz v3 — Telegram Bot
    
    Dual-path remote telegraph for phone access:
      1. Express Wire (/commands) — fast, LLM-free direct tool calls
      2. Cognitive Wire (free text) — full brain.process() with LLM (#178)
    
    Commands:
        /briefing   → full morning summary
        /hava       → weather report
        /mail       → unread emails
        /takvim     → today's calendar events
        /odev       → upcoming assignments
        /ders       → today's schedule
        /siradaki   → next class
        /haber      → latest news
    
    Usage:
        python -m bantz.interface.telegram_bot
    
    Env:
        TELEGRAM_BOT_TOKEN=...
        TELEGRAM_ALLOWED_USERS=123456,789012   # optional whitelist
        TELEGRAM_LLM_MODE=true                 # enable free-text → LLM
    """
    from __future__ import annotations
    
    import asyncio
    import logging
    import os
    import random
    import time
    from collections import defaultdict
    from typing import Callable, Coroutine, Any
    
>   from telegram import Update
E   ModuleNotFoundError: No module named 'telegram'

src/bantz/interface/telegram_bot.py:36: ModuleNotFoundError
____________ TestSilentStranger.test_unauthorized_user_silent_drop _____________

self = <tests.interface.test_telegram_llm.TestSilentStranger object at 0x7e3352da1bd0>

    @pytest.mark.asyncio
    async def test_unauthorized_user_silent_drop(self):
>       import bantz.interface.telegram_bot as mod

tests/interface/test_telegram_llm.py:156: 
_ _ _ _ _ _ _ _ _ _ _ _ _ _ _ _ _ _ _ _ _ _ _ _ _ _ _ _ _ _ _ _ _ _ _ _ _ _ _ _ 

    """
    Bantz v3 — Telegram Bot
    
    Dual-path remote telegraph for phone access:
      1. Express Wire (/commands) — fast, LLM-free direct tool calls
      2. Cognitive Wire (free text) — full brain.process() with LLM (#178)
    
    Commands:
        /briefing   → full morning summary
        /hava       → weather report
        /mail       → unread emails
        /takvim     → today's calendar events
        /odev       → upcoming assignments
        /ders       → today's schedule
        /siradaki   → next class
        /haber      → latest news
    
    Usage:
        python -m bantz.interface.telegram_bot
    
    Env:
        TELEGRAM_BOT_TOKEN=...
        TELEGRAM_ALLOWED_USERS=123456,789012   # optional whitelist
        TELEGRAM_LLM_MODE=true                 # enable free-text → LLM
    """
    from __future__ import annotations
    
    import asyncio
    import logging
    import os
    import random
    import time
    from collections import defaultdict
    from typing import Callable, Coroutine, Any
    
>   from telegram import Update
E   ModuleNotFoundError: No module named 'telegram'

src/bantz/interface/telegram_bot.py:36: ModuleNotFoundError
________________ TestSilentStranger.test_authorized_user_passes ________________

self = <tests.interface.test_telegram_llm.TestSilentStranger object at 0x7e3352da1e10>

    @pytest.mark.asyncio
    async def test_authorized_user_passes(self):
>       import bantz.interface.telegram_bot as mod

tests/interface/test_telegram_llm.py:171: 
_ _ _ _ _ _ _ _ _ _ _ _ _ _ _ _ _ _ _ _ _ _ _ _ _ _ _ _ _ _ _ _ _ _ _ _ _ _ _ _ 

    """
    Bantz v3 — Telegram Bot
    
    Dual-path remote telegraph for phone access:
      1. Express Wire (/commands) — fast, LLM-free direct tool calls
      2. Cognitive Wire (free text) — full brain.process() with LLM (#178)
    
    Commands:
        /briefing   → full morning summary
        /hava       → weather report
        /mail       → unread emails
        /takvim     → today's calendar events
        /odev       → upcoming assignments
        /ders       → today's schedule
        /siradaki   → next class
        /haber      → latest news
    
    Usage:
        python -m bantz.interface.telegram_bot
    
    Env:
        TELEGRAM_BOT_TOKEN=...
        TELEGRAM_ALLOWED_USERS=123456,789012   # optional whitelist
        TELEGRAM_LLM_MODE=true                 # enable free-text → LLM
    """
    from __future__ import annotations
    
    import asyncio
    import logging
    import os
    import random
    import time
    from collections import defaultdict
    from typing import Callable, Coroutine, Any
    
>   from telegram import Update
E   ModuleNotFoundError: No module named 'telegram'

src/bantz/interface/telegram_bot.py:36: ModuleNotFoundError
_________________ TestLLMModeToggle.test_llm_mode_off_rejects __________________

self = <tests.interface.test_telegram_llm.TestLLMModeToggle object at 0x7e3352da20e0>

    @pytest.mark.asyncio
    async def test_llm_mode_off_rejects(self):
        """When TELEGRAM_LLM_MODE=false, free text is rejected."""
>       import bantz.interface.telegram_bot as mod

tests/interface/test_telegram_llm.py:201: 
_ _ _ _ _ _ _ _ _ _ _ _ _ _ _ _ _ _ _ _ _ _ _ _ _ _ _ _ _ _ _ _ _ _ _ _ _ _ _ _ 

    """
    Bantz v3 — Telegram Bot
    
    Dual-path remote telegraph for phone access:
      1. Express Wire (/commands) — fast, LLM-free direct tool calls
      2. Cognitive Wire (free text) — full brain.process() with LLM (#178)
    
    Commands:
        /briefing   → full morning summary
        /hava       → weather report
        /mail       → unread emails
        /takvim     → today's calendar events
        /odev       → upcoming assignments
        /ders       → today's schedule
        /siradaki   → next class
        /haber      → latest news
    
    Usage:
        python -m bantz.interface.telegram_bot
    
    Env:
        TELEGRAM_BOT_TOKEN=...
        TELEGRAM_ALLOWED_USERS=123456,789012   # optional whitelist
        TELEGRAM_LLM_MODE=true                 # enable free-text → LLM
    """
    from __future__ import annotations
    
    import asyncio
    import logging
    import os
    import random
    import time
    from collections import defaultdict
    from typing import Callable, Coroutine, Any
    
>   from telegram import Update
E   ModuleNotFoundError: No module named 'telegram'

src/bantz/interface/telegram_bot.py:36: ModuleNotFoundError
_________________ TestHandleMessage.test_typing_indicator_sent _________________

self = <tests.interface.test_telegram_llm.TestHandleMessage object at 0x7e3352da2380>

    @pytest.mark.asyncio
    async def test_typing_indicator_sent(self):
        """Typing action should be sent while brain processes."""
>       import bantz.interface.telegram_bot as mod

tests/interface/test_telegram_llm.py:227: 
_ _ _ _ _ _ _ _ _ _ _ _ _ _ _ _ _ _ _ _ _ _ _ _ _ _ _ _ _ _ _ _ _ _ _ _ _ _ _ _ 

    """
    Bantz v3 — Telegram Bot
    
    Dual-path remote telegraph for phone access:
      1. Express Wire (/commands) — fast, LLM-free direct tool calls
      2. Cognitive Wire (free text) — full brain.process() with LLM (#178)
    
    Commands:
        /briefing   → full morning summary
        /hava       → weather report
        /mail       → unread emails
        /takvim     → today's calendar events
        /odev       → upcoming assignments
        /ders       → today's schedule
        /siradaki   → next class
        /haber      → latest news
    
    Usage:
        python -m bantz.interface.telegram_bot
    
    Env:
        TELEGRAM_BOT_TOKEN=...
        TELEGRAM_ALLOWED_USERS=123456,789012   # optional whitelist
        TELEGRAM_LLM_MODE=true                 # enable free-text → LLM
    """
    from __future__ import annotations
    
    import asyncio
    import logging
    import os
    import random
    import time
    from collections import defaultdict
    from typing import Callable, Coroutine, Any
    
>   from telegram import Update
E   ModuleNotFoundError: No module named 'telegram'

src/bantz/interface/telegram_bot.py:36: ModuleNotFoundError
__________ TestHandleMessage.test_brain_process_called_with_is_remote __________

self = <tests.interface.test_telegram_llm.TestHandleMessage object at 0x7e3352da25c0>

    @pytest.mark.asyncio
    async def test_brain_process_called_with_is_remote(self):
        """brain.process() must be called with is_remote=True."""
>       import bantz.interface.telegram_bot as mod

tests/interface/test_telegram_llm.py:252: 
_ _ _ _ _ _ _ _ _ _ _ _ _ _ _ _ _ _ _ _ _ _ _ _ _ _ _ _ _ _ _ _ _ _ _ _ _ _ _ _ 

    """
    Bantz v3 — Telegram Bot
    
    Dual-path remote telegraph for phone access:
      1. Express Wire (/commands) — fast, LLM-free direct tool calls
      2. Cognitive Wire (free text) — full brain.process() with LLM (#178)
    
    Commands:
        /briefing   → full morning summary
        /hava       → weather report
        /mail       → unread emails
        /takvim     → today's calendar events
        /odev       → upcoming assignments
        /ders       → today's schedule
        /siradaki   → next class
        /haber      → latest news
    
    Usage:
        python -m bantz.interface.telegram_bot
    
    Env:
        TELEGRAM_BOT_TOKEN=...
        TELEGRAM_ALLOWED_USERS=123456,789012   # optional whitelist
        TELEGRAM_LLM_MODE=true                 # enable free-text → LLM
    """
    from __future__ import annotations
    
    import asyncio
    import logging
    import os
    import random
    import time
    from collections import defaultdict
    from typing import Callable, Coroutine, Any
    
>   from telegram import Update
E   ModuleNotFoundError: No module named 'telegram'

src/bantz/interface/telegram_bot.py:36: ModuleNotFoundError
_______________ TestHandleMessage.test_stream_response_collected _______________

self = <tests.interface.test_telegram_llm.TestHandleMessage object at 0x7e3352da2800>

    @pytest.mark.asyncio
    async def test_stream_response_collected(self):
        """When result.stream exists, chunks are collected and sent."""
>       import bantz.interface.telegram_bot as mod

tests/interface/test_telegram_llm.py:276: 
_ _ _ _ _ _ _ _ _ _ _ _ _ _ _ _ _ _ _ _ _ _ _ _ _ _ _ _ _ _ _ _ _ _ _ _ _ _ _ _ 

    """
    Bantz v3 — Telegram Bot
    
    Dual-path remote telegraph for phone access:
      1. Express Wire (/commands) — fast, LLM-free direct tool calls
      2. Cognitive Wire (free text) — full brain.process() with LLM (#178)
    
    Commands:
        /briefing   → full morning summary
        /hava       → weather report
        /mail       → unread emails
        /takvim     → today's calendar events
        /odev       → upcoming assignments
        /ders       → today's schedule
        /siradaki   → next class
        /haber      → latest news
    
    Usage:
        python -m bantz.interface.telegram_bot
    
    Env:
        TELEGRAM_BOT_TOKEN=...
        TELEGRAM_ALLOWED_USERS=123456,789012   # optional whitelist
        TELEGRAM_LLM_MODE=true                 # enable free-text → LLM
    """
    from __future__ import annotations
    
    import asyncio
    import logging
    import os
    import random
    import time
    from collections import defaultdict
    from typing import Callable, Coroutine, Any
    
>   from telegram import Update
E   ModuleNotFoundError: No module named 'telegram'

src/bantz/interface/telegram_bot.py:36: ModuleNotFoundError
____________ TestHandleMessage.test_stream_response_persisted_to_db ____________

self = <tests.interface.test_telegram_llm.TestHandleMessage object at 0x7e3352da2a40>

    @pytest.mark.asyncio
    async def test_stream_response_persisted_to_db(self):
        """Streamed responses must be saved to DB for memory continuity."""
>       import bantz.interface.telegram_bot as mod

tests/interface/test_telegram_llm.py:309: 
_ _ _ _ _ _ _ _ _ _ _ _ _ _ _ _ _ _ _ _ _ _ _ _ _ _ _ _ _ _ _ _ _ _ _ _ _ _ _ _ 

    """
    Bantz v3 — Telegram Bot
    
    Dual-path remote telegraph for phone access:
      1. Express Wire (/commands) — fast, LLM-free direct tool calls
      2. Cognitive Wire (free text) — full brain.process() with LLM (#178)
    
    Commands:
        /briefing   → full morning summary
        /hava       → weather report
        /mail       → unread emails
        /takvim     → today's calendar events
        /odev       → upcoming assignments
        /ders       → today's schedule
        /siradaki   → next class
        /haber      → latest news
    
    Usage:
        python -m bantz.interface.telegram_bot
    
    Env:
        TELEGRAM_BOT_TOKEN=...
        TELEGRAM_ALLOWED_USERS=123456,789012   # optional whitelist
        TELEGRAM_LLM_MODE=true                 # enable free-text → LLM
    """
    from __future__ import annotations
    
    import asyncio
    import logging
    import os
    import random
    import time
    from collections import defaultdict
    from typing import Callable, Coroutine, Any
    
>   from telegram import Update
E   ModuleNotFoundError: No module named 'telegram'

src/bantz/interface/telegram_bot.py:36: ModuleNotFoundError
__________________ TestHandleMessage.test_empty_text_ignored ___________________

self = <tests.interface.test_telegram_llm.TestHandleMessage object at 0x7e3352da2c80>

    @pytest.mark.asyncio
    async def test_empty_text_ignored(self):
        """Empty text messages are silently ignored."""
>       import bantz.interface.telegram_bot as mod

tests/interface/test_telegram_llm.py:349: 
_ _ _ _ _ _ _ _ _ _ _ _ _ _ _ _ _ _ _ _ _ _ _ _ _ _ _ _ _ _ _ _ _ _ _ _ _ _ _ _ 

    """
    Bantz v3 — Telegram Bot
    
    Dual-path remote telegraph for phone access:
      1. Express Wire (/commands) — fast, LLM-free direct tool calls
      2. Cognitive Wire (free text) — full brain.process() with LLM (#178)
    
    Commands:
        /briefing   → full morning summary
        /hava       → weather report
        /mail       → unread emails
        /takvim     → today's calendar events
        /odev       → upcoming assignments
        /ders       → today's schedule
        /siradaki   → next class
        /haber      → latest news
    
    Usage:
        python -m bantz.interface.telegram_bot
    
    Env:
        TELEGRAM_BOT_TOKEN=...
        TELEGRAM_ALLOWED_USERS=123456,789012   # optional whitelist
        TELEGRAM_LLM_MODE=true                 # enable free-text → LLM
    """
    from __future__ import annotations
    
    import asyncio
    import logging
    import os
    import random
    import time
    from collections import defaultdict
    from typing import Callable, Coroutine, Any
    
>   from telegram import Update
E   ModuleNotFoundError: No module named 'telegram'

src/bantz/interface/telegram_bot.py:36: ModuleNotFoundError
____________ TestHandleMessage.test_rate_limited_user_gets_warning _____________

self = <tests.interface.test_telegram_llm.TestHandleMessage object at 0x7e3352da2ec0>

    @pytest.mark.asyncio
    async def test_rate_limited_user_gets_warning(self):
        """Rate-limited user gets a polite wait message."""
>       import bantz.interface.telegram_bot as mod

tests/interface/test_telegram_llm.py:369: 
_ _ _ _ _ _ _ _ _ _ _ _ _ _ _ _ _ _ _ _ _ _ _ _ _ _ _ _ _ _ _ _ _ _ _ _ _ _ _ _ 

    """
    Bantz v3 — Telegram Bot
    
    Dual-path remote telegraph for phone access:
      1. Express Wire (/commands) — fast, LLM-free direct tool calls
      2. Cognitive Wire (free text) — full brain.process() with LLM (#178)
    
    Commands:
        /briefing   → full morning summary
        /hava       → weather report
        /mail       → unread emails
        /takvim     → today's calendar events
        /odev       → upcoming assignments
        /ders       → today's schedule
        /siradaki   → next class
        /haber      → latest news
    
    Usage:
        python -m bantz.interface.telegram_bot
    
    Env:
        TELEGRAM_BOT_TOKEN=...
        TELEGRAM_ALLOWED_USERS=123456,789012   # optional whitelist
        TELEGRAM_LLM_MODE=true                 # enable free-text → LLM
    """
    from __future__ import annotations
    
    import asyncio
    import logging
    import os
    import random
    import time
    from collections import defaultdict
    from typing import Callable, Coroutine, Any
    
>   from telegram import Update
E   ModuleNotFoundError: No module named 'telegram'

src/bantz/interface/telegram_bot.py:36: ModuleNotFoundError
______________ TestHandleMessage.test_brain_error_reports_to_user ______________

self = <tests.interface.test_telegram_llm.TestHandleMessage object at 0x7e3352da3100>

    @pytest.mark.asyncio
    async def test_brain_error_reports_to_user(self):
        """If brain raises, user gets an error message."""
>       import bantz.interface.telegram_bot as mod

tests/interface/test_telegram_llm.py:392: 
_ _ _ _ _ _ _ _ _ _ _ _ _ _ _ _ _ _ _ _ _ _ _ _ _ _ _ _ _ _ _ _ _ _ _ _ _ _ _ _ 

    """
    Bantz v3 — Telegram Bot
    
    Dual-path remote telegraph for phone access:
      1. Express Wire (/commands) — fast, LLM-free direct tool calls
      2. Cognitive Wire (free text) — full brain.process() with LLM (#178)
    
    Commands:
        /briefing   → full morning summary
        /hava       → weather report
        /mail       → unread emails
        /takvim     → today's calendar events
        /odev       → upcoming assignments
        /ders       → today's schedule
        /siradaki   → next class
        /haber      → latest news
    
    Usage:
        python -m bantz.interface.telegram_bot
    
    Env:
        TELEGRAM_BOT_TOKEN=...
        TELEGRAM_ALLOWED_USERS=123456,789012   # optional whitelist
        TELEGRAM_LLM_MODE=true                 # enable free-text → LLM
    """
    from __future__ import annotations
    
    import asyncio
    import logging
    import os
    import random
    import time
    from collections import defaultdict
    from typing import Callable, Coroutine, Any
    
>   from telegram import Update
E   ModuleNotFoundError: No module named 'telegram'

src/bantz/interface/telegram_bot.py:36: ModuleNotFoundError
_____________ TestHandleMessage.test_empty_response_sends_ellipsis _____________

self = <tests.interface.test_telegram_llm.TestHandleMessage object at 0x7e3352da3340>

    @pytest.mark.asyncio
    async def test_empty_response_sends_ellipsis(self):
        """Empty brain response sends '…' instead of nothing."""
>       import bantz.interface.telegram_bot as mod

tests/interface/test_telegram_llm.py:418: 
_ _ _ _ _ _ _ _ _ _ _ _ _ _ _ _ _ _ _ _ _ _ _ _ _ _ _ _ _ _ _ _ _ _ _ _ _ _ _ _ 

    """
    Bantz v3 — Telegram Bot
    
    Dual-path remote telegraph for phone access:
      1. Express Wire (/commands) — fast, LLM-free direct tool calls
      2. Cognitive Wire (free text) — full brain.process() with LLM (#178)
    
    Commands:
        /briefing   → full morning summary
        /hava       → weather report
        /mail       → unread emails
        /takvim     → today's calendar events
        /odev       → upcoming assignments
        /ders       → today's schedule
        /siradaki   → next class
        /haber      → latest news
    
    Usage:
        python -m bantz.interface.telegram_bot
    
    Env:
        TELEGRAM_BOT_TOKEN=...
        TELEGRAM_ALLOWED_USERS=123456,789012   # optional whitelist
        TELEGRAM_LLM_MODE=true                 # enable free-text → LLM
    """
    from __future__ import annotations
    
    import asyncio
    import logging
    import os
    import random
    import time
    from collections import defaultdict
    from typing import Callable, Coroutine, Any
    
>   from telegram import Update
E   ModuleNotFoundError: No module named 'telegram'

src/bantz/interface/telegram_bot.py:36: ModuleNotFoundError
___________ TestStartCommand.test_start_shows_llm_hint_when_enabled ____________

self = <tests.interface.test_telegram_llm.TestStartCommand object at 0x7e3352da1c30>

    @pytest.mark.asyncio
    async def test_start_shows_llm_hint_when_enabled(self):
>       import bantz.interface.telegram_bot as mod

tests/interface/test_telegram_llm.py:523: 
_ _ _ _ _ _ _ _ _ _ _ _ _ _ _ _ _ _ _ _ _ _ _ _ _ _ _ _ _ _ _ _ _ _ _ _ _ _ _ _ 

    """
    Bantz v3 — Telegram Bot
    
    Dual-path remote telegraph for phone access:
      1. Express Wire (/commands) — fast, LLM-free direct tool calls
      2. Cognitive Wire (free text) — full brain.process() with LLM (#178)
    
    Commands:
        /briefing   → full morning summary
        /hava       → weather report
        /mail       → unread emails
        /takvim     → today's calendar events
        /odev       → upcoming assignments
        /ders       → today's schedule
        /siradaki   → next class
        /haber      → latest news
    
    Usage:
        python -m bantz.interface.telegram_bot
    
    Env:
        TELEGRAM_BOT_TOKEN=...
        TELEGRAM_ALLOWED_USERS=123456,789012   # optional whitelist
        TELEGRAM_LLM_MODE=true                 # enable free-text → LLM
    """
    from __future__ import annotations
    
    import asyncio
    import logging
    import os
    import random
    import time
    from collections import defaultdict
    from typing import Callable, Coroutine, Any
    
>   from telegram import Update
E   ModuleNotFoundError: No module named 'telegram'

src/bantz/interface/telegram_bot.py:36: ModuleNotFoundError
____________ TestStartCommand.test_start_no_llm_hint_when_disabled _____________

self = <tests.interface.test_telegram_llm.TestStartCommand object at 0x7e3352da11e0>

    @pytest.mark.asyncio
    async def test_start_no_llm_hint_when_disabled(self):
>       import bantz.interface.telegram_bot as mod

tests/interface/test_telegram_llm.py:539: 
_ _ _ _ _ _ _ _ _ _ _ _ _ _ _ _ _ _ _ _ _ _ _ _ _ _ _ _ _ _ _ _ _ _ _ _ _ _ _ _ 

    """
    Bantz v3 — Telegram Bot
    
[...]
FAILED tests/agent/test_job_scheduler.py::TestRunJobNow::test_run_builtin_job
FAILED tests/agent/test_job_scheduler.py::TestRunJobNow::test_run_nonexistent_job
FAILED tests/agent/test_job_scheduler.py::TestStats::test_stats_when_started
FAILED tests/agent/test_job_scheduler.py::TestStats::test_status_line - Modul...
FAILED tests/agent/test_job_scheduler.py::TestEventHistory::test_job_executed_event
FAILED tests/agent/test_job_scheduler.py::TestEventHistory::test_job_error_event
FAILED tests/agent/test_job_scheduler.py::TestEventHistory::test_history_capped_at_100
FAILED tests/agent/test_planner.py::TestProcessTextCitation::test_system_prompt_has_anti_leakage_rule
FAILED tests/agent/test_tts.py::TestBriefingWatcherRegistration::test_register_when_tts_enabled
FAILED tests/agent/test_wake_word.py::TestTUIMessage::test_wake_word_detected_message_exists
FAILED tests/agent/test_wake_word.py::TestTUIMessage::test_app_has_handler - ...
FAILED tests/agent/test_wake_word.py::TestTUIMessage::test_app_has_start_wake_word
FAILED tests/core/test_brain_integrations.py::TestNotifyToastFallback::test_fallback_to_notifier_when_no_tui
FAILED tests/interface/test_telegram_llm.py::TestSafeReply::test_short_message_single_reply
FAILED tests/interface/test_telegram_llm.py::TestSafeReply::test_splits_at_paragraph_boundary
FAILED tests/interface/test_telegram_llm.py::TestSafeReply::test_exact_boundary
FAILED tests/interface/test_telegram_llm.py::TestSafeReply::test_hard_split_long_paragraph
FAILED tests/interface/test_telegram_llm.py::TestSafeReply::test_three_small_paragraphs_fit_one_chunk
FAILED tests/interface/test_telegram_llm.py::TestSilentStranger::test_unauthorized_user_silent_drop
FAILED tests/interface/test_telegram_llm.py::TestSilentStranger::test_authorized_user_passes
FAILED tests/interface/test_telegram_llm.py::TestLLMModeToggle::test_llm_mode_off_rejects
FAILED tests/interface/test_telegram_llm.py::TestHandleMessage::test_typing_indicator_sent
FAILED tests/interface/test_telegram_llm.py::TestHandleMessage::test_brain_process_called_with_is_remote
FAILED tests/interface/test_telegram_llm.py::TestHandleMessage::test_stream_response_collected
FAILED tests/interface/test_telegram_llm.py::TestHandleMessage::test_stream_response_persisted_to_db
FAILED tests/interface/test_telegram_llm.py::TestHandleMessage::test_empty_text_ignored
FAILED tests/interface/test_telegram_llm.py::TestHandleMessage::test_rate_limited_user_gets_warning
FAILED tests/interface/test_telegram_llm.py::TestHandleMessage::test_brain_error_reports_to_user
FAILED tests/interface/test_telegram_llm.py::TestHandleMessage::test_empty_response_sends_ellipsis
FAILED tests/interface/test_telegram_llm.py::TestStartCommand::test_start_shows_llm_hint_when_enabled
FAILED tests/interface/test_telegram_llm.py::TestStartCommand::test_start_no_llm_hint_when_disabled
FAILED tests/interface/test_telegram_llm.py::TestRunBotRegistration::test_run_bot_source_has_message_handler
FAILED tests/interface/test_telegram_llm.py::TestRunBotRegistration::test_run_bot_source_has_text_filter
FAILED tests/interface/test_telegram_llm.py::TestModuleExports::test_handle_message_exported
FAILED tests/interface/test_telegram_llm.py::TestModuleExports::test_rate_limit_constants
FAILED tests/interface/test_telegram_llm.py::TestModuleExports::test_safe_reply_exported
FAILED tests/interface/test_telegram_llm.py::TestModuleExports::test_is_rate_limited_exported
FAILED tests/interface/test_telegram_llm.py::TestProgressIndicators::test_placeholder_sent_immediately
FAILED tests/interface/test_telegram_llm.py::TestProgressIndicators::test_placeholder_edited_with_response
FAILED tests/interface/test_telegram_llm.py::TestProgressIndicators::test_long_response_chunked
FAILED tests/interface/test_telegram_llm.py::TestProgressIndicators::test_edit_failure_fallback_plain_text
FAILED tests/interface/test_telegram_llm.py::TestProgressIndicators::test_edit_failure_complete_fallback
FAILED tests/interface/test_telegram_llm.py::TestProgressIndicators::test_error_response_edits_placeholder
FAILED tests/interface/test_telegram_llm.py::TestProgressIndicators::test_placeholder_is_in_character
FAILED tests/interface/test_telegram_llm.py::TestProgressIndicators::test_streaming_collected_then_edited
FAILED tests/interface/test_telegram_llm.py::TestPlaceholderMessages::test_placeholder_messages_exist
FAILED tests/interface/test_telegram_llm.py::TestPlaceholderMessages::test_placeholder_messages_are_strings
FAILED tests/interface/test_telegram_llm.py::TestPlaceholderMessages::test_placeholder_messages_have_telegraph_emoji
FAILED tests/interface/test_telegram_llm.py::TestPlaceholderMessages::test_placeholder_messages_in_character
FAILED tests/interface/test_telegram_llm.py::TestChunkText::test_short_text_single_chunk
FAILED tests/interface/test_telegram_llm.py::TestChunkText::test_exact_boundary
FAILED tests/interface/test_telegram_llm.py::TestChunkText::test_splits_at_paragraph_boundary
FAILED tests/interface/test_telegram_llm.py::TestChunkText::test_hard_split_no_newlines
FAILED tests/interface/test_telegram_llm.py::TestChunkText::test_custom_max_len
FAILED tests/interface/test_telegram_llm.py::TestSafeEdit::test_normal_edit_succeeds
FAILED tests/interface/test_telegram_llm.py::TestSafeEdit::test_fallback_to_plain_text
FAILED tests/interface/test_telegram_llm.py::TestSafeEdit::test_complete_failure_returns_false
FAILED tests/interface/test_telegram_llm.py::TestThrottledStreaming::test_returns_full_text
FAILED tests/interface/test_telegram_llm.py::TestThrottledStreaming::test_edits_placeholder_during_stream
FAILED tests/interface/test_telegram_llm.py::TestThrottledStreaming::test_edit_includes_cursor
FAILED tests/interface/test_telegram_llm.py::TestThrottledStreaming::test_edit_failure_does_not_crash
FAILED tests/interface/test_telegram_llm.py::TestThrottledStreaming::test_stream_interval_constant_exists
FAILED tests/interface/test_telegram_llm.py::TestThrottledStreaming::test_handle_message_uses_stream_to_placeholder
FAILED tests/interface/test_telegram_llm.py::TestMessageLock::test_msg_lock_exists
FAILED tests/interface/test_telegram_llm.py::TestMessageLock::test_concurrent_messages_serialised
FAILED tests/interface/test_telegram_llm.py::TestMaintenanceSpamFilter::test_all_green_maintenance_is_spam
FAILED tests/interface/test_telegram_llm.py::TestMaintenanceSpamFilter::test_maintenance_with_failure_also_spam
FAILED tests/interface/test_telegram_llm.py::TestMaintenanceSpamFilter::test_non_maintenance_never_spam
FAILED tests/interface/test_telegram_llm.py::TestMaintenanceSpamFilter::test_chat_result_never_spam
FAILED tests/interface/test_telegram_llm.py::TestMaintenanceSpamFilter::test_handle_message_suppresses_green_maintenance
FAILED tests/interface/test_telegram_llm.py::TestMaintenanceSpamFilter::test_handle_message_suppresses_failed_maintenance
FAILED tests/interface/test_telegram_llm.py::TestStreamMemoryPersistence::test_import_path_is_correct
FAILED tests/interface/test_telegram_llm.py::TestStreamMemoryPersistence::test_streamed_response_saved_to_memory
FAILED tests/interface/test_telegram_llm.py::TestStreamMemoryPersistence::test_graph_store_called_for_streams
FAILED tests/interface/test_telegram_llm.py::TestOllamaWarmup::test_warmup_job_scheduled
FAILED tests/interface/test_telegram_llm.py::TestOllamaWarmup::test_warmup_sends_hi
FAILED tests/interface/test_telegram_llm.py::TestSessionRotation::test_session_rotation_job_scheduled
FAILED tests/interface/test_telegram_llm.py::TestSessionRotation::test_rotation_resets_memory_ready
FAILED tests/tui/test_header.py::TestServiceStatus::test_all_statuses - Modul...
FAILED tests/tui/test_header.py::TestServiceStatus::test_status_dots_all_present
FAILED tests/tui/test_header.py::TestServiceStatus::test_dot_colors - ModuleN...
FAILED tests/tui/test_header.py::TestServiceHealthChanged::test_message_creation
FAILED tests/tui/test_header.py::TestServiceHealthChanged::test_default_detail
FAILED tests/tui/test_header.py::TestMemoryCountUpdated::test_message_creation
FAILED tests/tui/test_header.py::TestOperationsHeader::test_default_statuses
FAILED tests/tui/test_header.py::TestOperationsHeader::test_default_counts - ...
FAILED tests/tui/test_header.py::TestOperationsHeader::test_boot_time_set - M...
FAILED tests/tui/test_header.py::TestOperationsHeader::test_set_status_ollama
FAILED tests/tui/test_header.py::TestOperationsHeader::test_set_status_neo4j
FAILED tests/tui/test_header.py::TestOperationsHeader::test_set_status_gemini
FAILED tests/tui/test_header.py::TestOperationsHeader::test_set_status_telegram
FAILED tests/tui/test_header.py::TestOperationsHeader::test_set_counts - Modu...
FAILED tests/tui/test_header.py::TestOperationsHeader::test_uptime_format_minutes
FAILED tests/tui/test_header.py::TestOperationsHeader::test_uptime_format_hours
FAILED tests/tui/test_header.py::TestOperationsHeader::test_health_changed_handler_ollama
FAILED tests/tui/test_header.py::TestOperationsHeader::test_health_changed_handler_gemini
FAILED tests/tui/test_header.py::TestOperationsHeader::test_memory_count_handler
FAILED tests/tui/test_header.py::TestOperationsHeaderRender::test_render_contains_ops_center
FAILED tests/tui/test_header.py::TestOperationsHeaderRender::test_render_contains_mood_face
FAILED tests/tui/test_header.py::TestOperationsHeaderRender::test_render_contains_model
FAILED tests/tui/test_header.py::TestOperationsHeaderRender::test_render_contains_service_names
FAILED tests/tui/test_header.py::TestOperationsHeaderRender::test_render_contains_uptime
FAILED tests/tui/test_header.py::TestOperationsHeaderRender::test_render_contains_memory
FAILED tests/tui/test_header.py::TestOperationsHeaderRender::test_render_contains_sessions
FAILED tests/tui/test_header.py::TestAppHeaderIntegration::test_app_imports_operations_header
FAILED tests/tui/test_header.py::TestAppHeaderIntegration::test_app_has_notify_service_health
FAILED tests/tui/test_header.py::TestAppHeaderIntegration::test_app_has_notify_memory_counts
FAILED tests/tui/test_header.py::TestAppHeaderIntegration::test_app_has_update_header_counts
FAILED tests/tui/test_header.py::TestArchitecture::test_no_set_interval_for_api_probes
FAILED tests/tui/test_header.py::TestArchitecture::test_probes_are_threaded
FAILED tests/tui/test_header.py::TestArchitecture::test_aggressive_timeout_in_probes
FAILED tests/tui/test_mood.py::TestMoodTUIIntegration::test_system_status_no_duplicate_mood_indicator
FAILED tests/tui/test_streaming.py::TestStreamLifecycle::test_stream_start_resets_state
FAILED tests/tui/test_streaming.py::TestStreamLifecycle::test_stream_end_returns_full_text
FAILED tests/tui/test_streaming.py::TestStreamLifecycle::test_stream_end_with_newlines
FAILED tests/tui/test_streaming.py::TestDeltaBuffer::test_buffer_holds_only_partial
FAILED tests/tui/test_streaming.py::TestDeltaBuffer::test_buffer_empty_after_trailing_newline
FAILED tests/tui/test_streaming.py::TestDeltaBuffer::test_buffer_accumulates_within_line
FAILED tests/tui/test_streaming.py::TestDeltaBuffer::test_buffer_resets_on_newline_boundary
FAILED tests/tui/test_streaming.py::TestDeltaBuffer::test_multiple_newlines_in_single_token
FAILED tests/tui/test_streaming.py::TestNoDuplicateLines::test_single_line_no_growth
FAILED tests/tui/test_streaming.py::TestNoDuplicateLines::test_multiline_exact_count
FAILED tests/tui/test_streaming.py::TestNoDuplicateLines::test_no_exponential_growth
FAILED tests/tui/test_streaming.py::TestStreamEdgeCases::test_empty_token - M...
FAILED tests/tui/test_streaming.py::TestStreamEdgeCases::test_consecutive_newlines
FAILED tests/tui/test_streaming.py::TestStreamEdgeCases::test_only_newline_token
FAILED tests/tui/test_streaming.py::TestStreamEdgeCases::test_full_text_matches_all_tokens
FAILED tests/tui/test_streaming.py::TestSessionIsolation::test_second_session_works_correctly
FAILED tests/tui/test_streaming.py::TestSessionIsolation::test_buffer_clean_between_sessions
FAILED tests/tui/test_streaming.py::TestNonStreamingMethods::test_add_user - ...
FAILED tests/tui/test_streaming.py::TestNonStreamingMethods::test_add_bantz_single_line
FAILED tests/tui/test_streaming.py::TestNonStreamingMethods::test_add_bantz_multiline
FAILED tests/tui/test_streaming.py::TestNonStreamingMethods::test_add_system
FAILED tests/tui/test_streaming.py::TestNonStreamingMethods::test_add_error
FAILED tests/tui/test_streaming.py::TestNonStreamingMethods::test_add_tool - ...
FAILED tests/tui/test_streaming.py::TestStreamingAudit::test_no_full_buffer_split_on_every_token
FAILED tests/tui/test_streaming.py::TestStreamingAudit::test_full_text_accumulates_everything
FAILED tests/tui/test_telemetry.py::TestMetricRow::test_render_green - Module...
FAILED tests/tui/test_telemetry.py::TestMetricRow::test_render_yellow - Modul...
FAILED tests/tui/test_telemetry.py::TestMetricRow::test_render_red - ModuleNo...
FAILED tests/tui/test_telemetry.py::TestMetricRow::test_render_mbps_unit - Mo...
FAILED tests/tui/test_telemetry.py::TestMetricRow::test_clamps_at_100_percent
FAILED tests/tui/test_telemetry.py::TestMetricRow::test_zero_max_value - Modu...
FAILED tests/tui/test_telemetry.py::TestMetricRowPeakLabel::test_render_shows_peak_when_different
FAILED tests/tui/test_telemetry.py::TestMetricRowPeakLabel::test_render_hides_peak_when_same_as_current
FAILED tests/tui/test_telemetry.py::TestMetricRowPeakLabel::test_render_hides_peak_when_zero
FAILED tests/tui/test_telemetry.py::TestMetricRowPeakLabel::test_render_peak_mbps_unit
FAILED tests/tui/test_telemetry.py::TestMetricRowPeakLabel::test_update_data_sets_peak
FAILED tests/tui/test_telemetry.py::TestSidebarToggle::test_toggle_sidebar_binding_exists
FAILED tests/tui/test_telemetry.py::TestSidebarToggle::test_toggle_sidebar_action_defined
FAILED tests/tui/test_toast.py::TestToastType::test_all_types - ModuleNotFoun...
FAILED tests/tui/test_toast.py::TestToastType::test_unique_values - ModuleNot...
FAILED tests/tui/test_toast.py::TestToastType::test_five_types - ModuleNotFou...
FAILED tests/tui/test_toast.py::TestToastAutoDismiss::test_all_types_present
FAILED tests/tui/test_toast.py::TestToastAutoDismiss::test_info_5s - ModuleNo...
FAILED tests/tui/test_toast.py::TestToastAutoDismiss::test_success_3s - Modul...
FAILED tests/tui/test_toast.py::TestToastAutoDismiss::test_warning_10s - Modu...
FAILED tests/tui/test_toast.py::TestToastAutoDismiss::test_error_no_auto - Mo...
FAILED tests/tui/test_toast.py::TestToastAutoDismiss::test_action_no_auto - M...
FAILED tests/tui/test_toast.py::TestToastIcons::test_all_types_have_icons - M...
FAILED tests/tui/test_toast.py::TestToastIcons::test_info_icon - ModuleNotFou...
FAILED tests/tui/test_toast.py::TestToastIcons::test_success_icon - ModuleNot...
FAILED tests/tui/test_toast.py::TestToastIcons::test_warning_icon - ModuleNot...
FAILED tests/tui/test_toast.py::TestToastIcons::test_error_icon - ModuleNotFo...
FAILED tests/tui/test_toast.py::TestToastIcons::test_action_icon - ModuleNotF...
FAILED tests/tui/test_toast.py::TestToastData::test_creation - ModuleNotFound...
FAILED tests/tui/test_toast.py::TestToastData::test_defaults - ModuleNotFound...
FAILED tests/tui/test_toast.py::TestToastData::test_remaining_ttl - ModuleNot...
FAILED tests/tui/test_toast.py::TestToastData::test_expired_always_false - Mo...
FAILED tests/tui/test_toast.py::TestToastData::test_intervention_attribute_compat
FAILED tests/tui/test_toast.py::TestToastMessages::test_toast_accepted - Modu...
FAILED tests/tui/test_toast.py::TestToastMessages::test_toast_dismissed - Mod...
FAILED tests/tui/test_toast.py::TestToastMessages::test_toast_expired - Modul...
FAILED tests/tui/test_toast.py::TestToastMessages::test_messages_are_textual_messages
FAILED tests/tui/test_toast.py::TestToastWidget::test_can_focus_false - Modul...
FAILED tests/tui/test_toast.py::TestToastWidget::test_creation - ModuleNotFou...
FAILED tests/tui/test_toast.py::TestToastWidget::test_default_type - ModuleNo...
FAILED tests/tui/test_toast.py::TestToastWidget::test_css_class_info - Module...
FAILED tests/tui/test_toast.py::TestToastWidget::test_css_class_warning - Mod...
FAILED tests/tui/test_toast.py::TestToastWidget::test_css_class_error - Modul...
FAILED tests/tui/test_toast.py::TestToastWidget::test_css_class_success - Mod...
FAILED tests/tui/test_toast.py::TestToastWidget::test_css_class_action - Modu...
FAILED tests/tui/test_toast.py::TestToastWidget::test_dismiss_timer_initially_none
FAILED tests/tui/test_toast.py::TestToastWidget::test_all_five_types_produce_valid_widgets
FAILED tests/tui/test_toast.py::TestToastContainer::test_can_focus_false - Mo...
FAILED tests/tui/test_toast.py::TestToastContainer::test_max_visible - Module...
FAILED tests/tui/test_toast.py::TestToastContainer::test_creation - ModuleNot...
FAILED tests/tui/test_toast.py::TestToastContainer::test_infer_type_error_alert
FAILED tests/tui/test_toast.py::TestToastContainer::test_infer_type_with_action
FAILED tests/tui/test_toast.py::TestToastContainer::test_infer_type_reminder
FAILED tests/tui/test_toast.py::TestToastContainer::test_infer_type_maintenance
FAILED tests/tui/test_toast.py::TestToastContainer::test_infer_type_unknown
FAILED tests/tui/test_toast.py::TestToastContainer::test_infer_type_no_type_attr
FAILED tests/tui/test_toast.py::TestToastContainer::test_infer_type_error_overrides_action
FAILED tests/tui/test_toast.py::TestAppToastIntegration::test_compose_yields_toast_container
FAILED tests/tui/test_toast.py::TestAppToastIntegration::test_toast_imports_in_app
FAILED tests/tui/test_toast.py::TestAppToastIntegration::test_push_toast_method_exists
FAILED tests/tui/test_toast.py::TestAppToastIntegration::test_on_toast_accepted_handler
FAILED tests/tui/test_toast.py::TestAppToastIntegration::test_on_toast_dismissed_handler
FAILED tests/tui/test_toast.py::TestAppToastIntegration::test_on_toast_expired_handler
FAILED tests/tui/test_toast.py::TestAppToastIntegration::test_wire_brain_toast_hook_method
FAILED tests/tui/test_toast.py::TestAppToastIntegration::test_on_brain_toast_method
FAILED tests/tui/test_toast.py::TestAppToastIntegration::test_remove_intervention_toast_method
FAILED tests/tui/test_toast.py::TestAppToastIntegration::test_escape_binding_exists
FAILED tests/tui/test_toast.py::TestAppToastIntegration::test_action_focus_input_dismisses_toast_first
FAILED tests/tui/test_toast.py::TestProcessInterventionsToast::test_process_interventions_uses_toast_container
FAILED tests/tui/test_toast.py::TestProcessInterventionsToast::test_process_interventions_has_fallback
FAILED tests/tui/test_toast.py::TestInterventionResponseToast::test_handle_intervention_response_removes_toast
FAILED tests/tui/test_toast.py::TestInterventionResponseToast::test_accept_removes_toast
FAILED tests/tui/test_toast.py::TestInterventionResponseToast::test_dismiss_removes_toast
FAILED tests/tui/test_toast.py::TestWidgetsInit::test_toast_module_importable
FAILED tests/tui/test_toast.py::TestInterventionToastMapping::test_rl_suggestion_becomes_action
FAILED tests/tui/test_toast.py::TestInterventionToastMapping::test_observer_error_becomes_error
FAILED tests/tui/test_toast.py::TestInterventionToastMapping::test_observer_warning_not_error
FAILED tests/tui/test_toast.py::TestInterventionToastMapping::test_reminder_becomes_action
FAILED tests/tui/test_toast.py::TestInterventionToastMapping::test_system_maintenance_becomes_warning
FAILED tests/tui/test_toast.py::TestCLI::test_run_function_exists - ModuleNot...
FAILED tests/tui/test_toast.py::TestCLI::test_app_instantiation - ModuleNotFo...
ERROR tests/interface/test_telegram_llm.py::TestRateLimiter::test_under_limit_returns_false
ERROR tests/interface/test_telegram_llm.py::TestRateLimiter::test_at_limit_returns_true
ERROR tests/interface/test_telegram_llm.py::TestRateLimiter::test_different_users_independent
ERROR tests/interface/test_telegram_llm.py::TestRateLimiter::test_window_expiry
====== 232 failed, 2100 passed, 30 skipped, 1 warning, 4 errors in 32.46s ======
